2013-11-24 22:09:18,419 INFO  [AndroMDA] - discovering namespaces -
2013-11-24 22:09:18,731 INFO  [AndroMDA] found namespace --> 'bpm4struts'
2013-11-24 22:09:18,731 INFO  [AndroMDA]   +  registering component 'cartridge'
2013-11-24 22:09:18,794 INFO  [AndroMDA]   +  registering component 'metafacades'
2013-11-24 22:09:18,887 INFO  [AndroMDA]   +  registering component 'profile'
2013-11-24 22:09:18,903 INFO  [AndroMDA] found namespace --> 'emf-uml2'
2013-11-24 22:09:18,903 INFO  [AndroMDA]   +  registering component 'metafacades'
2013-11-24 22:09:18,981 INFO  [AndroMDA]   +  registering component 'profile'
2013-11-24 22:09:18,997 INFO  [AndroMDA]   +  registering component 'repository'
2013-11-24 22:09:19,059 INFO  [AndroMDA] found namespace --> 'hibernate'
2013-11-24 22:09:19,059 INFO  [AndroMDA]   +  registering component 'cartridge'
2013-11-24 22:09:19,075 INFO  [AndroMDA]   +  registering component 'metafacades'
2013-11-24 22:09:19,122 INFO  [AndroMDA]   +  registering component 'profile'
2013-11-24 22:09:19,122 INFO  [AndroMDA] found namespace --> 'java'
2013-11-24 22:09:19,122 INFO  [AndroMDA]   +  registering component 'cartridge'
2013-11-24 22:09:19,137 INFO  [AndroMDA]   +  registering component 'profile'
2013-11-24 22:09:19,137 INFO  [AndroMDA]   +  registering component 'metafacades'
2013-11-24 22:09:19,137 INFO  [AndroMDA] found namespace --> 'netBeansMDR'
2013-11-24 22:09:19,137 INFO  [AndroMDA]   +  registering component 'repository'
2013-11-24 22:09:19,684 INFO  [AndroMDA] found namespace --> 'query'
2013-11-24 22:09:19,684 INFO  [AndroMDA]   +  registering component 'translation-library'
2013-11-24 22:09:19,872 INFO  [AndroMDA] found namespace --> 'spring'
2013-11-24 22:09:19,872 INFO  [AndroMDA]   +  registering component 'cartridge'
2013-11-24 22:09:19,887 INFO  [AndroMDA]   +  registering component 'metafacades'
2013-11-24 22:09:19,966 INFO  [AndroMDA]   +  registering component 'profile'
2013-11-24 22:09:19,966 INFO  [AndroMDA] found namespace --> 'uml-1.4'
2013-11-24 22:09:19,966 INFO  [AndroMDA]   +  registering component 'metafacades'
2013-11-24 22:09:20,075 INFO  [AndroMDA]   +  registering component 'profile'
2013-11-24 22:09:20,075 INFO  [AndroMDA] found namespace --> 'validation'
2013-11-24 22:09:20,075 INFO  [AndroMDA]   +  registering component 'translation-library'
2013-11-24 22:09:21,341 INFO  [AndroMDA] - core initialization complete: 3.282[s] -
2013-11-24 22:09:21,403 INFO  [AndroMDA] loading model --> 'file:F:/SUPERACION/PhD Y-Echevarria/1 Tesis MIE/proyectos/web-timetabling/mda/src/main/uml/web-timetabling.xmi'
2013-11-24 22:09:22,263 INFO  [AndroMDA] referenced model --> 'jar:file:/G:/TIMETABLING/M2_REPO/org/andromda/profiles/uml14/andromda-profile/3.3/andromda-profile-3.3.xml.zip!/andromda-profile-3.3.xml'
2013-11-24 22:09:22,263 INFO  [AndroMDA] referenced model --> 'jar:file:/G:/TIMETABLING/M2_REPO/org/andromda/profiles/uml14/andromda-profile-datatype/3.3/andromda-profile-datatype-3.3.xml.zip!/andromda-profile-datatype-3.3.xml'
2013-11-24 22:09:22,278 INFO  [AndroMDA] referenced model --> 'jar:file:/G:/TIMETABLING/M2_REPO/org/andromda/profiles/uml14/andromda-profile-webservice/3.3/andromda-profile-webservice-3.3.xml.zip!/andromda-profile-webservice-3.3.xml'
2013-11-24 22:09:22,278 INFO  [AndroMDA] referenced model --> 'jar:file:/G:/TIMETABLING/M2_REPO/org/andromda/profiles/uml14/andromda-profile-service/3.3/andromda-profile-service-3.3.xml.zip!/andromda-profile-service-3.3.xml'
2013-11-24 22:09:22,278 INFO  [AndroMDA] referenced model --> 'jar:file:/G:/TIMETABLING/M2_REPO/org/andromda/profiles/uml14/andromda-profile-process/3.3/andromda-profile-process-3.3.xml.zip!/andromda-profile-process-3.3.xml'
2013-11-24 22:09:22,278 INFO  [AndroMDA] referenced model --> 'jar:file:/G:/TIMETABLING/M2_REPO/org/andromda/profiles/uml14/andromda-profile-presentation/3.3/andromda-profile-presentation-3.3.xml.zip!/andromda-profile-presentation-3.3.xml'
2013-11-24 22:09:22,278 INFO  [AndroMDA] referenced model --> 'jar:file:/G:/TIMETABLING/M2_REPO/org/andromda/profiles/uml14/andromda-profile-meta/3.3/andromda-profile-meta-3.3.xml.zip!/andromda-profile-meta-3.3.xml'
2013-11-24 22:09:22,309 INFO  [AndroMDA] referenced model --> 'jar:file:/G:/TIMETABLING/M2_REPO/org/andromda/profiles/uml14/andromda-profile-xml/3.3/andromda-profile-xml-3.3.xml.zip!/andromda-profile-xml-3.3.xml'
2013-11-24 22:09:22,309 INFO  [AndroMDA] referenced model --> 'jar:file:/G:/TIMETABLING/M2_REPO/org/andromda/profiles/uml14/andromda-profile-persistence/3.3/andromda-profile-persistence-3.3.xml.zip!/andromda-profile-persistence-3.3.xml'
2013-11-24 22:09:22,372 INFO  [AndroMDA] referenced model --> 'jar:file:/G:/TIMETABLING/M2_REPO/org/andromda/profiles/uml14/andromda-profile-messaging/3.3/andromda-profile-messaging-3.3.xml.zip!/andromda-profile-messaging-3.3.xml'
2013-11-24 22:09:22,606 INFO  [AndroMDA] - loading complete: 1.265[s] -
2013-11-24 22:09:22,606 INFO  [AndroMDA] - validating model -
2013-11-24 22:09:25,075 INFO  [AndroMDA] - validation complete: 2.469[s] -
2013-11-24 22:09:26,013 INFO  [AndroMDA:spring] Output: 'file:/F:/SUPERACION/PhD%20Y-Echevarria/1%20Tesis%20MIE/proyectos/web-timetabling/mda/../core/target/src/finf/ucf/cu/ServiceLocator.java'
2013-11-24 22:09:26,122 INFO  [AndroMDA:spring] Output: 'file:/F:/SUPERACION/PhD%20Y-Echevarria/1%20Tesis%20MIE/proyectos/web-timetabling/mda/../common/target/src/finf/ucf/cu/service/GroupScheduleService.java'
2013-11-24 22:09:26,122 INFO  [AndroMDA:spring] Output: 'file:/F:/SUPERACION/PhD%20Y-Echevarria/1%20Tesis%20MIE/proyectos/web-timetabling/mda/../common/target/src/finf/ucf/cu/service/RoomService.java'
2013-11-24 22:09:26,200 INFO  [AndroMDA:spring] Output: 'file:/F:/SUPERACION/PhD%20Y-Echevarria/1%20Tesis%20MIE/proyectos/web-timetabling/mda/../core/target/src/finf/ucf/cu/service/GroupScheduleServiceBase.java'
2013-11-24 22:09:26,216 INFO  [AndroMDA:spring] Output: 'file:/F:/SUPERACION/PhD%20Y-Echevarria/1%20Tesis%20MIE/proyectos/web-timetabling/mda/../core/target/src/finf/ucf/cu/service/RoomServiceBase.java'
2013-11-24 22:09:26,232 INFO  [AndroMDA:spring] Output: 'file:/F:/SUPERACION/PhD%20Y-Echevarria/1%20Tesis%20MIE/proyectos/web-timetabling/mda/../core/target/src/finf/ucf/cu/PrincipalStore.java'
2013-11-24 22:09:26,763 INFO  [AndroMDA:spring] Output: 'file:/F:/SUPERACION/PhD%20Y-Echevarria/1%20Tesis%20MIE/proyectos/web-timetabling/mda/../common/target/src/finf/ucf/cu/service/GroupScheduleServiceException.java'
2013-11-24 22:09:26,778 INFO  [AndroMDA:spring] Output: 'file:/F:/SUPERACION/PhD%20Y-Echevarria/1%20Tesis%20MIE/proyectos/web-timetabling/mda/../common/target/src/finf/ucf/cu/service/RoomServiceException.java'
2013-11-24 22:09:26,857 INFO  [AndroMDA:spring] Output: 'file:/F:/SUPERACION/PhD%20Y-Echevarria/1%20Tesis%20MIE/proyectos/web-timetabling/mda/../core/target/src/finf/ucf/cu/domain/TeacherDao.java'
2013-11-24 22:09:26,888 INFO  [AndroMDA:spring] Output: 'file:/F:/SUPERACION/PhD%20Y-Echevarria/1%20Tesis%20MIE/proyectos/web-timetabling/mda/../core/target/src/finf/ucf/cu/domain/GroupDao.java'
2013-11-24 22:09:26,903 INFO  [AndroMDA:spring] Output: 'file:/F:/SUPERACION/PhD%20Y-Echevarria/1%20Tesis%20MIE/proyectos/web-timetabling/mda/../core/target/src/finf/ucf/cu/domain/SubjectDao.java'
2013-11-24 22:09:26,982 INFO  [AndroMDA:spring] Output: 'file:/F:/SUPERACION/PhD%20Y-Echevarria/1%20Tesis%20MIE/proyectos/web-timetabling/mda/../core/target/src/finf/ucf/cu/domain/ClassTimeDao.java'
2013-11-24 22:09:27,013 INFO  [AndroMDA:spring] Output: 'file:/F:/SUPERACION/PhD%20Y-Echevarria/1%20Tesis%20MIE/proyectos/web-timetabling/mda/../core/target/src/finf/ucf/cu/domain/RoomDao.java'
2013-11-24 22:09:27,044 INFO  [AndroMDA:spring] Output: 'file:/F:/SUPERACION/PhD%20Y-Echevarria/1%20Tesis%20MIE/proyectos/web-timetabling/mda/../core/target/src/finf/ucf/cu/domain/SemesterDao.java'
2013-11-24 22:09:27,060 INFO  [AndroMDA:spring] Output: 'file:/F:/SUPERACION/PhD%20Y-Echevarria/1%20Tesis%20MIE/proyectos/web-timetabling/mda/../core/target/src/finf/ucf/cu/domain/UsersDao.java'
2013-11-24 22:09:27,075 INFO  [AndroMDA:spring] Output: 'file:/F:/SUPERACION/PhD%20Y-Echevarria/1%20Tesis%20MIE/proyectos/web-timetabling/mda/../core/target/src/finf/ucf/cu/domain/UserRoleDao.java'
2013-11-24 22:09:27,091 INFO  [AndroMDA:spring] Output: 'file:/F:/SUPERACION/PhD%20Y-Echevarria/1%20Tesis%20MIE/proyectos/web-timetabling/mda/../core/target/src/finf/ucf/cu/domain/ClassTypeDao.java'
2013-11-24 22:09:27,122 INFO  [AndroMDA:spring] Output: 'file:/F:/SUPERACION/PhD%20Y-Echevarria/1%20Tesis%20MIE/proyectos/web-timetabling/mda/../core/target/src/finf/ucf/cu/domain/ResourceDao.java'
2013-11-24 22:09:27,138 INFO  [AndroMDA:spring] Output: 'file:/F:/SUPERACION/PhD%20Y-Echevarria/1%20Tesis%20MIE/proyectos/web-timetabling/mda/../core/target/src/finf/ucf/cu/domain/BuildingDao.java'
2013-11-24 22:09:27,153 INFO  [AndroMDA:spring] Output: 'file:/F:/SUPERACION/PhD%20Y-Echevarria/1%20Tesis%20MIE/proyectos/web-timetabling/mda/../core/target/src/finf/ucf/cu/domain/NotAvalabilityDao.java'
2013-11-24 22:09:27,185 INFO  [AndroMDA:spring] Output: 'file:/F:/SUPERACION/PhD%20Y-Echevarria/1%20Tesis%20MIE/proyectos/web-timetabling/mda/../core/target/src/finf/ucf/cu/domain/P1Dao.java'
2013-11-24 22:09:27,232 INFO  [AndroMDA:spring] Output: 'file:/F:/SUPERACION/PhD%20Y-Echevarria/1%20Tesis%20MIE/proyectos/web-timetabling/mda/../core/target/src/finf/ucf/cu/domain/ActivityDao.java'
2013-11-24 22:09:27,247 INFO  [AndroMDA:spring] Output: 'file:/F:/SUPERACION/PhD%20Y-Echevarria/1%20Tesis%20MIE/proyectos/web-timetabling/mda/../core/target/src/finf/ucf/cu/domain/ImpartitionPlanDao.java'
2013-11-24 22:09:27,263 INFO  [AndroMDA:spring] Output: 'file:/F:/SUPERACION/PhD%20Y-Echevarria/1%20Tesis%20MIE/proyectos/web-timetabling/mda/../core/target/src/finf/ucf/cu/domain/DepartmentDao.java'
2013-11-24 22:09:27,294 INFO  [AndroMDA:spring] Output: 'file:/F:/SUPERACION/PhD%20Y-Echevarria/1%20Tesis%20MIE/proyectos/web-timetabling/mda/../core/target/src/finf/ucf/cu/domain/ThemeDao.java'
2013-11-24 22:09:27,341 INFO  [AndroMDA:spring] Output: 'file:/F:/SUPERACION/PhD%20Y-Echevarria/1%20Tesis%20MIE/proyectos/web-timetabling/mda/../core/target/src/finf/ucf/cu/domain/TeacherDaoBase.java'
2013-11-24 22:09:27,357 INFO  [AndroMDA:spring] Output: 'file:/F:/SUPERACION/PhD%20Y-Echevarria/1%20Tesis%20MIE/proyectos/web-timetabling/mda/../core/target/src/finf/ucf/cu/domain/GroupDaoBase.java'
2013-11-24 22:09:27,372 INFO  [AndroMDA:spring] Output: 'file:/F:/SUPERACION/PhD%20Y-Echevarria/1%20Tesis%20MIE/proyectos/web-timetabling/mda/../core/target/src/finf/ucf/cu/domain/SubjectDaoBase.java'
2013-11-24 22:09:27,450 INFO  [AndroMDA:spring] Output: 'file:/F:/SUPERACION/PhD%20Y-Echevarria/1%20Tesis%20MIE/proyectos/web-timetabling/mda/../core/target/src/finf/ucf/cu/domain/ClassTimeDaoBase.java'
2013-11-24 22:09:27,482 INFO  [AndroMDA:spring] Output: 'file:/F:/SUPERACION/PhD%20Y-Echevarria/1%20Tesis%20MIE/proyectos/web-timetabling/mda/../core/target/src/finf/ucf/cu/domain/RoomDaoBase.java'
2013-11-24 22:09:27,513 INFO  [AndroMDA:spring] Output: 'file:/F:/SUPERACION/PhD%20Y-Echevarria/1%20Tesis%20MIE/proyectos/web-timetabling/mda/../core/target/src/finf/ucf/cu/domain/SemesterDaoBase.java'
2013-11-24 22:09:27,544 INFO  [AndroMDA:spring] Output: 'file:/F:/SUPERACION/PhD%20Y-Echevarria/1%20Tesis%20MIE/proyectos/web-timetabling/mda/../core/target/src/finf/ucf/cu/domain/UsersDaoBase.java'
2013-11-24 22:09:27,560 INFO  [AndroMDA:spring] Output: 'file:/F:/SUPERACION/PhD%20Y-Echevarria/1%20Tesis%20MIE/proyectos/web-timetabling/mda/../core/target/src/finf/ucf/cu/domain/UserRoleDaoBase.java'
2013-11-24 22:09:27,591 INFO  [AndroMDA:spring] Output: 'file:/F:/SUPERACION/PhD%20Y-Echevarria/1%20Tesis%20MIE/proyectos/web-timetabling/mda/../core/target/src/finf/ucf/cu/domain/ClassTypeDaoBase.java'
2013-11-24 22:09:27,591 INFO  [AndroMDA:spring] Output: 'file:/F:/SUPERACION/PhD%20Y-Echevarria/1%20Tesis%20MIE/proyectos/web-timetabling/mda/../core/target/src/finf/ucf/cu/domain/ResourceDaoBase.java'
2013-11-24 22:09:27,622 INFO  [AndroMDA:spring] Output: 'file:/F:/SUPERACION/PhD%20Y-Echevarria/1%20Tesis%20MIE/proyectos/web-timetabling/mda/../core/target/src/finf/ucf/cu/domain/BuildingDaoBase.java'
2013-11-24 22:09:27,638 INFO  [AndroMDA:spring] Output: 'file:/F:/SUPERACION/PhD%20Y-Echevarria/1%20Tesis%20MIE/proyectos/web-timetabling/mda/../core/target/src/finf/ucf/cu/domain/NotAvalabilityDaoBase.java'
2013-11-24 22:09:27,653 INFO  [AndroMDA:spring] Output: 'file:/F:/SUPERACION/PhD%20Y-Echevarria/1%20Tesis%20MIE/proyectos/web-timetabling/mda/../core/target/src/finf/ucf/cu/domain/P1DaoBase.java'
2013-11-24 22:09:27,685 INFO  [AndroMDA:spring] Output: 'file:/F:/SUPERACION/PhD%20Y-Echevarria/1%20Tesis%20MIE/proyectos/web-timetabling/mda/../core/target/src/finf/ucf/cu/domain/ActivityDaoBase.java'
2013-11-24 22:09:27,700 INFO  [AndroMDA:spring] Output: 'file:/F:/SUPERACION/PhD%20Y-Echevarria/1%20Tesis%20MIE/proyectos/web-timetabling/mda/../core/target/src/finf/ucf/cu/domain/ImpartitionPlanDaoBase.java'
2013-11-24 22:09:27,700 INFO  [AndroMDA:spring] Output: 'file:/F:/SUPERACION/PhD%20Y-Echevarria/1%20Tesis%20MIE/proyectos/web-timetabling/mda/../core/target/src/finf/ucf/cu/domain/DepartmentDaoBase.java'
2013-11-24 22:09:27,716 INFO  [AndroMDA:spring] Output: 'file:/F:/SUPERACION/PhD%20Y-Echevarria/1%20Tesis%20MIE/proyectos/web-timetabling/mda/../core/target/src/finf/ucf/cu/domain/ThemeDaoBase.java'
2013-11-24 22:09:27,872 INFO  [AndroMDA:spring] Output: 'file:/F:/SUPERACION/PhD%20Y-Echevarria/1%20Tesis%20MIE/proyectos/web-timetabling/mda/../core/target/src/applicationContext.xml'
2013-11-24 22:09:27,888 INFO  [AndroMDA:spring] Output: 'file:/F:/SUPERACION/PhD%20Y-Echevarria/1%20Tesis%20MIE/proyectos/web-timetabling/mda/../core/target/src/applicationContext-localDataSource.xml'
2013-11-24 22:09:28,028 INFO  [AndroMDA:spring] Output: 'file:/F:/SUPERACION/PhD%20Y-Echevarria/1%20Tesis%20MIE/proyectos/web-timetabling/mda/../core/target/src/beanRefFactory.xml'
2013-11-24 22:09:28,060 INFO  [AndroMDA:spring] Output: 'file:/F:/SUPERACION/PhD%20Y-Echevarria/1%20Tesis%20MIE/proyectos/web-timetabling/mda/../core/target/src/finf/ucf/cu/SearchParameter.java'
2013-11-24 22:09:28,075 INFO  [AndroMDA:spring] Output: 'file:/F:/SUPERACION/PhD%20Y-Echevarria/1%20Tesis%20MIE/proyectos/web-timetabling/mda/../core/target/src/finf/ucf/cu/Search.java'
2013-11-24 22:09:28,091 INFO  [AndroMDA:spring] Output: 'file:/F:/SUPERACION/PhD%20Y-Echevarria/1%20Tesis%20MIE/proyectos/web-timetabling/mda/../core/target/src/finf/ucf/cu/PropertySearch.java'
2013-11-24 22:09:28,122 INFO  [AndroMDA:spring] Output: 'file:/F:/SUPERACION/PhD%20Y-Echevarria/1%20Tesis%20MIE/proyectos/web-timetabling/mda/../common/target/src/finf/ucf/cu/PaginationResult.java'
2013-11-24 22:09:28,153 INFO  [AndroMDA:spring] Output: 'file:/F:/SUPERACION/PhD%20Y-Echevarria/1%20Tesis%20MIE/proyectos/web-timetabling/mda/../core/target/src/finf/ucf/cu/CriteriaSearch.java'
2013-11-24 22:09:28,200 INFO  [AndroMDA:spring] Output: 'file:/F:/SUPERACION/PhD%20Y-Echevarria/1%20Tesis%20MIE/proyectos/web-timetabling/mda/../core/target/src/finf/ucf/cu/CriteriaSearchProperties.java'
2013-11-24 22:09:28,200 INFO  [AndroMDA:spring] Output: 'file:/F:/SUPERACION/PhD%20Y-Echevarria/1%20Tesis%20MIE/proyectos/web-timetabling/mda/../core/target/src/finf/ucf/cu/CriteriaSearchConfiguration.java'
2013-11-24 22:09:28,247 INFO  [AndroMDA:spring] Output: 'file:/F:/SUPERACION/PhD%20Y-Echevarria/1%20Tesis%20MIE/proyectos/web-timetabling/mda/../core/target/src/finf/ucf/cu/CriteriaSearchParameter.java'
2013-11-24 22:09:28,294 INFO  [AndroMDA:spring] Output: 'file:/F:/SUPERACION/PhD%20Y-Echevarria/1%20Tesis%20MIE/proyectos/web-timetabling/mda/../core/target/src/finf/ucf/cu/BeanLocator.java'
2013-11-24 22:09:28,388 INFO  [AndroMDA:spring] Output: 'file:/F:/SUPERACION/PhD%20Y-Echevarria/1%20Tesis%20MIE/proyectos/web-timetabling/mda/../core/target/src/applicationContext-manageable.xml'
2013-11-24 22:09:28,404 INFO  [AndroMDA:spring] Output: 'file:/F:/SUPERACION/PhD%20Y-Echevarria/1%20Tesis%20MIE/proyectos/web-timetabling/mda/../core/target/src/finf/ucf/cu/ManageableServiceLocator.java'
2013-11-24 22:09:28,419 INFO  [AndroMDA:spring] Output: 'file:/F:/SUPERACION/PhD%20Y-Echevarria/1%20Tesis%20MIE/proyectos/web-timetabling/mda/../common/target/src/finf/ucf/cu/domain/crud/TeacherManageableService.java'
2013-11-24 22:09:28,435 INFO  [AndroMDA:spring] Output: 'file:/F:/SUPERACION/PhD%20Y-Echevarria/1%20Tesis%20MIE/proyectos/web-timetabling/mda/../common/target/src/finf/ucf/cu/domain/crud/GroupManageableService.java'
2013-11-24 22:09:28,450 INFO  [AndroMDA:spring] Output: 'file:/F:/SUPERACION/PhD%20Y-Echevarria/1%20Tesis%20MIE/proyectos/web-timetabling/mda/../common/target/src/finf/ucf/cu/domain/crud/SubjectManageableService.java'
2013-11-24 22:09:28,466 INFO  [AndroMDA:spring] Output: 'file:/F:/SUPERACION/PhD%20Y-Echevarria/1%20Tesis%20MIE/proyectos/web-timetabling/mda/../common/target/src/finf/ucf/cu/domain/crud/ClassTimeManageableService.java'
2013-11-24 22:09:28,482 INFO  [AndroMDA:spring] Output: 'file:/F:/SUPERACION/PhD%20Y-Echevarria/1%20Tesis%20MIE/proyectos/web-timetabling/mda/../common/target/src/finf/ucf/cu/domain/crud/RoomManageableService.java'
2013-11-24 22:09:28,497 INFO  [AndroMDA:spring] Output: 'file:/F:/SUPERACION/PhD%20Y-Echevarria/1%20Tesis%20MIE/proyectos/web-timetabling/mda/../common/target/src/finf/ucf/cu/domain/crud/SemesterManageableService.java'
2013-11-24 22:09:28,513 INFO  [AndroMDA:spring] Output: 'file:/F:/SUPERACION/PhD%20Y-Echevarria/1%20Tesis%20MIE/proyectos/web-timetabling/mda/../common/target/src/finf/ucf/cu/domain/crud/ClassTypeManageableService.java'
2013-11-24 22:09:28,529 INFO  [AndroMDA:spring] Output: 'file:/F:/SUPERACION/PhD%20Y-Echevarria/1%20Tesis%20MIE/proyectos/web-timetabling/mda/../common/target/src/finf/ucf/cu/domain/crud/ResourceManageableService.java'
2013-11-24 22:09:28,544 INFO  [AndroMDA:spring] Output: 'file:/F:/SUPERACION/PhD%20Y-Echevarria/1%20Tesis%20MIE/proyectos/web-timetabling/mda/../common/target/src/finf/ucf/cu/domain/crud/BuildingManageableService.java'
2013-11-24 22:09:28,560 INFO  [AndroMDA:spring] Output: 'file:/F:/SUPERACION/PhD%20Y-Echevarria/1%20Tesis%20MIE/proyectos/web-timetabling/mda/../common/target/src/finf/ucf/cu/domain/crud/NotAvalabilityManageableService.java'
2013-11-24 22:09:28,560 INFO  [AndroMDA:spring] Output: 'file:/F:/SUPERACION/PhD%20Y-Echevarria/1%20Tesis%20MIE/proyectos/web-timetabling/mda/../common/target/src/finf/ucf/cu/domain/crud/P1ManageableService.java'
2013-11-24 22:09:28,575 INFO  [AndroMDA:spring] Output: 'file:/F:/SUPERACION/PhD%20Y-Echevarria/1%20Tesis%20MIE/proyectos/web-timetabling/mda/../common/target/src/finf/ucf/cu/domain/crud/ActivityManageableService.java'
2013-11-24 22:09:28,591 INFO  [AndroMDA:spring] Output: 'file:/F:/SUPERACION/PhD%20Y-Echevarria/1%20Tesis%20MIE/proyectos/web-timetabling/mda/../common/target/src/finf/ucf/cu/domain/crud/ImpartitionPlanManageableService.java'
2013-11-24 22:09:28,622 INFO  [AndroMDA:spring] Output: 'file:/F:/SUPERACION/PhD%20Y-Echevarria/1%20Tesis%20MIE/proyectos/web-timetabling/mda/../common/target/src/finf/ucf/cu/domain/crud/DepartmentManageableService.java'
2013-11-24 22:09:28,622 INFO  [AndroMDA:spring] Output: 'file:/F:/SUPERACION/PhD%20Y-Echevarria/1%20Tesis%20MIE/proyectos/web-timetabling/mda/../common/target/src/finf/ucf/cu/domain/crud/ThemeManageableService.java'
2013-11-24 22:09:28,669 INFO  [AndroMDA:spring] Output: 'file:/F:/SUPERACION/PhD%20Y-Echevarria/1%20Tesis%20MIE/proyectos/web-timetabling/mda/../core/target/src/finf/ucf/cu/domain/crud/TeacherManageableServiceBase.java'
2013-11-24 22:09:28,732 INFO  [AndroMDA:spring] Output: 'file:/F:/SUPERACION/PhD%20Y-Echevarria/1%20Tesis%20MIE/proyectos/web-timetabling/mda/../core/target/src/finf/ucf/cu/domain/crud/GroupManageableServiceBase.java'
2013-11-24 22:09:28,747 INFO  [AndroMDA:spring] Output: 'file:/F:/SUPERACION/PhD%20Y-Echevarria/1%20Tesis%20MIE/proyectos/web-timetabling/mda/../core/target/src/finf/ucf/cu/domain/crud/SubjectManageableServiceBase.java'
2013-11-24 22:09:28,794 INFO  [AndroMDA:spring] Output: 'file:/F:/SUPERACION/PhD%20Y-Echevarria/1%20Tesis%20MIE/proyectos/web-timetabling/mda/../core/target/src/finf/ucf/cu/domain/crud/ClassTimeManageableServiceBase.java'
2013-11-24 22:09:28,810 INFO  [AndroMDA:spring] Output: 'file:/F:/SUPERACION/PhD%20Y-Echevarria/1%20Tesis%20MIE/proyectos/web-timetabling/mda/../core/target/src/finf/ucf/cu/domain/crud/RoomManageableServiceBase.java'
2013-11-24 22:09:28,825 INFO  [AndroMDA:spring] Output: 'file:/F:/SUPERACION/PhD%20Y-Echevarria/1%20Tesis%20MIE/proyectos/web-timetabling/mda/../core/target/src/finf/ucf/cu/domain/crud/SemesterManageableServiceBase.java'
2013-11-24 22:09:28,841 INFO  [AndroMDA:spring] Output: 'file:/F:/SUPERACION/PhD%20Y-Echevarria/1%20Tesis%20MIE/proyectos/web-timetabling/mda/../core/target/src/finf/ucf/cu/domain/crud/ClassTypeManageableServiceBase.java'
2013-11-24 22:09:28,857 INFO  [AndroMDA:spring] Output: 'file:/F:/SUPERACION/PhD%20Y-Echevarria/1%20Tesis%20MIE/proyectos/web-timetabling/mda/../core/target/src/finf/ucf/cu/domain/crud/ResourceManageableServiceBase.java'
2013-11-24 22:09:28,872 INFO  [AndroMDA:spring] Output: 'file:/F:/SUPERACION/PhD%20Y-Echevarria/1%20Tesis%20MIE/proyectos/web-timetabling/mda/../core/target/src/finf/ucf/cu/domain/crud/BuildingManageableServiceBase.java'
2013-11-24 22:09:28,888 INFO  [AndroMDA:spring] Output: 'file:/F:/SUPERACION/PhD%20Y-Echevarria/1%20Tesis%20MIE/proyectos/web-timetabling/mda/../core/target/src/finf/ucf/cu/domain/crud/NotAvalabilityManageableServiceBase.java'
2013-11-24 22:09:28,904 INFO  [AndroMDA:spring] Output: 'file:/F:/SUPERACION/PhD%20Y-Echevarria/1%20Tesis%20MIE/proyectos/web-timetabling/mda/../core/target/src/finf/ucf/cu/domain/crud/P1ManageableServiceBase.java'
2013-11-24 22:09:28,950 INFO  [AndroMDA:spring] Output: 'file:/F:/SUPERACION/PhD%20Y-Echevarria/1%20Tesis%20MIE/proyectos/web-timetabling/mda/../core/target/src/finf/ucf/cu/domain/crud/ActivityManageableServiceBase.java'
2013-11-24 22:09:28,982 INFO  [AndroMDA:spring] Output: 'file:/F:/SUPERACION/PhD%20Y-Echevarria/1%20Tesis%20MIE/proyectos/web-timetabling/mda/../core/target/src/finf/ucf/cu/domain/crud/ImpartitionPlanManageableServiceBase.java'
2013-11-24 22:09:28,997 INFO  [AndroMDA:spring] Output: 'file:/F:/SUPERACION/PhD%20Y-Echevarria/1%20Tesis%20MIE/proyectos/web-timetabling/mda/../core/target/src/finf/ucf/cu/domain/crud/DepartmentManageableServiceBase.java'
2013-11-24 22:09:29,013 INFO  [AndroMDA:spring] Output: 'file:/F:/SUPERACION/PhD%20Y-Echevarria/1%20Tesis%20MIE/proyectos/web-timetabling/mda/../core/target/src/finf/ucf/cu/domain/crud/ThemeManageableServiceBase.java'
2013-11-24 22:09:29,029 INFO  [AndroMDA:spring] Output: 'file:/F:/SUPERACION/PhD%20Y-Echevarria/1%20Tesis%20MIE/proyectos/web-timetabling/mda/../core/target/src/finf/ucf/cu/domain/crud/TeacherManageableDao.java'
2013-11-24 22:09:29,044 INFO  [AndroMDA:spring] Output: 'file:/F:/SUPERACION/PhD%20Y-Echevarria/1%20Tesis%20MIE/proyectos/web-timetabling/mda/../core/target/src/finf/ucf/cu/domain/crud/GroupManageableDao.java'
2013-11-24 22:09:29,107 INFO  [AndroMDA:spring] Output: 'file:/F:/SUPERACION/PhD%20Y-Echevarria/1%20Tesis%20MIE/proyectos/web-timetabling/mda/../core/target/src/finf/ucf/cu/domain/crud/SubjectManageableDao.java'
2013-11-24 22:09:29,107 INFO  [AndroMDA:spring] Output: 'file:/F:/SUPERACION/PhD%20Y-Echevarria/1%20Tesis%20MIE/proyectos/web-timetabling/mda/../core/target/src/finf/ucf/cu/domain/crud/ClassTimeManageableDao.java'
2013-11-24 22:09:29,122 INFO  [AndroMDA:spring] Output: 'file:/F:/SUPERACION/PhD%20Y-Echevarria/1%20Tesis%20MIE/proyectos/web-timetabling/mda/../core/target/src/finf/ucf/cu/domain/crud/RoomManageableDao.java'
2013-11-24 22:09:29,169 INFO  [AndroMDA:spring] Output: 'file:/F:/SUPERACION/PhD%20Y-Echevarria/1%20Tesis%20MIE/proyectos/web-timetabling/mda/../core/target/src/finf/ucf/cu/domain/crud/SemesterManageableDao.java'
2013-11-24 22:09:29,185 INFO  [AndroMDA:spring] Output: 'file:/F:/SUPERACION/PhD%20Y-Echevarria/1%20Tesis%20MIE/proyectos/web-timetabling/mda/../core/target/src/finf/ucf/cu/domain/crud/ClassTypeManageableDao.java'
2013-11-24 22:09:29,216 INFO  [AndroMDA:spring] Output: 'file:/F:/SUPERACION/PhD%20Y-Echevarria/1%20Tesis%20MIE/proyectos/web-timetabling/mda/../core/target/src/finf/ucf/cu/domain/crud/ResourceManageableDao.java'
2013-11-24 22:09:29,247 INFO  [AndroMDA:spring] Output: 'file:/F:/SUPERACION/PhD%20Y-Echevarria/1%20Tesis%20MIE/proyectos/web-timetabling/mda/../core/target/src/finf/ucf/cu/domain/crud/BuildingManageableDao.java'
2013-11-24 22:09:29,294 INFO  [AndroMDA:spring] Output: 'file:/F:/SUPERACION/PhD%20Y-Echevarria/1%20Tesis%20MIE/proyectos/web-timetabling/mda/../core/target/src/finf/ucf/cu/domain/crud/NotAvalabilityManageableDao.java'
2013-11-24 22:09:29,341 INFO  [AndroMDA:spring] Output: 'file:/F:/SUPERACION/PhD%20Y-Echevarria/1%20Tesis%20MIE/proyectos/web-timetabling/mda/../core/target/src/finf/ucf/cu/domain/crud/P1ManageableDao.java'
2013-11-24 22:09:29,388 INFO  [AndroMDA:spring] Output: 'file:/F:/SUPERACION/PhD%20Y-Echevarria/1%20Tesis%20MIE/proyectos/web-timetabling/mda/../core/target/src/finf/ucf/cu/domain/crud/ActivityManageableDao.java'
2013-11-24 22:09:29,404 INFO  [AndroMDA:spring] Output: 'file:/F:/SUPERACION/PhD%20Y-Echevarria/1%20Tesis%20MIE/proyectos/web-timetabling/mda/../core/target/src/finf/ucf/cu/domain/crud/ImpartitionPlanManageableDao.java'
2013-11-24 22:09:29,419 INFO  [AndroMDA:spring] Output: 'file:/F:/SUPERACION/PhD%20Y-Echevarria/1%20Tesis%20MIE/proyectos/web-timetabling/mda/../core/target/src/finf/ucf/cu/domain/crud/DepartmentManageableDao.java'
2013-11-24 22:09:29,466 INFO  [AndroMDA:spring] Output: 'file:/F:/SUPERACION/PhD%20Y-Echevarria/1%20Tesis%20MIE/proyectos/web-timetabling/mda/../core/target/src/finf/ucf/cu/domain/crud/ThemeManageableDao.java'
2013-11-24 22:09:29,497 INFO  [AndroMDA:spring] Output: 'file:/F:/SUPERACION/PhD%20Y-Echevarria/1%20Tesis%20MIE/proyectos/web-timetabling/mda/../core/target/src/finf/ucf/cu/domain/crud/TeacherManageableDaoBase.java'
2013-11-24 22:09:29,575 INFO  [AndroMDA:spring] Output: 'file:/F:/SUPERACION/PhD%20Y-Echevarria/1%20Tesis%20MIE/proyectos/web-timetabling/mda/../core/target/src/finf/ucf/cu/domain/crud/GroupManageableDaoBase.java'
2013-11-24 22:09:29,591 INFO  [AndroMDA:spring] Output: 'file:/F:/SUPERACION/PhD%20Y-Echevarria/1%20Tesis%20MIE/proyectos/web-timetabling/mda/../core/target/src/finf/ucf/cu/domain/crud/SubjectManageableDaoBase.java'
2013-11-24 22:09:29,638 INFO  [AndroMDA:spring] Output: 'file:/F:/SUPERACION/PhD%20Y-Echevarria/1%20Tesis%20MIE/proyectos/web-timetabling/mda/../core/target/src/finf/ucf/cu/domain/crud/ClassTimeManageableDaoBase.java'
2013-11-24 22:09:29,685 INFO  [AndroMDA:spring] Output: 'file:/F:/SUPERACION/PhD%20Y-Echevarria/1%20Tesis%20MIE/proyectos/web-timetabling/mda/../core/target/src/finf/ucf/cu/domain/crud/RoomManageableDaoBase.java'
2013-11-24 22:09:29,700 INFO  [AndroMDA:spring] Output: 'file:/F:/SUPERACION/PhD%20Y-Echevarria/1%20Tesis%20MIE/proyectos/web-timetabling/mda/../core/target/src/finf/ucf/cu/domain/crud/SemesterManageableDaoBase.java'
2013-11-24 22:09:29,716 INFO  [AndroMDA:spring] Output: 'file:/F:/SUPERACION/PhD%20Y-Echevarria/1%20Tesis%20MIE/proyectos/web-timetabling/mda/../core/target/src/finf/ucf/cu/domain/crud/ClassTypeManageableDaoBase.java'
2013-11-24 22:09:29,732 INFO  [AndroMDA:spring] Output: 'file:/F:/SUPERACION/PhD%20Y-Echevarria/1%20Tesis%20MIE/proyectos/web-timetabling/mda/../core/target/src/finf/ucf/cu/domain/crud/ResourceManageableDaoBase.java'
2013-11-24 22:09:29,747 INFO  [AndroMDA:spring] Output: 'file:/F:/SUPERACION/PhD%20Y-Echevarria/1%20Tesis%20MIE/proyectos/web-timetabling/mda/../core/target/src/finf/ucf/cu/domain/crud/BuildingManageableDaoBase.java'
2013-11-24 22:09:29,763 INFO  [AndroMDA:spring] Output: 'file:/F:/SUPERACION/PhD%20Y-Echevarria/1%20Tesis%20MIE/proyectos/web-timetabling/mda/../core/target/src/finf/ucf/cu/domain/crud/NotAvalabilityManageableDaoBase.java'
2013-11-24 22:09:29,794 INFO  [AndroMDA:spring] Output: 'file:/F:/SUPERACION/PhD%20Y-Echevarria/1%20Tesis%20MIE/proyectos/web-timetabling/mda/../core/target/src/finf/ucf/cu/domain/crud/P1ManageableDaoBase.java'
2013-11-24 22:09:29,857 INFO  [AndroMDA:spring] Output: 'file:/F:/SUPERACION/PhD%20Y-Echevarria/1%20Tesis%20MIE/proyectos/web-timetabling/mda/../core/target/src/finf/ucf/cu/domain/crud/ActivityManageableDaoBase.java'
2013-11-24 22:09:29,888 INFO  [AndroMDA:spring] Output: 'file:/F:/SUPERACION/PhD%20Y-Echevarria/1%20Tesis%20MIE/proyectos/web-timetabling/mda/../core/target/src/finf/ucf/cu/domain/crud/ImpartitionPlanManageableDaoBase.java'
2013-11-24 22:09:29,904 INFO  [AndroMDA:spring] Output: 'file:/F:/SUPERACION/PhD%20Y-Echevarria/1%20Tesis%20MIE/proyectos/web-timetabling/mda/../core/target/src/finf/ucf/cu/domain/crud/DepartmentManageableDaoBase.java'
2013-11-24 22:09:29,935 INFO  [AndroMDA:spring] Output: 'file:/F:/SUPERACION/PhD%20Y-Echevarria/1%20Tesis%20MIE/proyectos/web-timetabling/mda/../core/target/src/finf/ucf/cu/domain/crud/ThemeManageableDaoBase.java'
2013-11-24 22:09:29,982 INFO  [AndroMDA:spring] Output: 'file:/F:/SUPERACION/PhD%20Y-Echevarria/1%20Tesis%20MIE/proyectos/web-timetabling/mda/../common/target/src/finf/ucf/cu/domain/crud/TeacherValueObject.java'
2013-11-24 22:09:30,044 INFO  [AndroMDA:spring] Output: 'file:/F:/SUPERACION/PhD%20Y-Echevarria/1%20Tesis%20MIE/proyectos/web-timetabling/mda/../common/target/src/finf/ucf/cu/domain/crud/GroupValueObject.java'
2013-11-24 22:09:30,075 INFO  [AndroMDA:spring] Output: 'file:/F:/SUPERACION/PhD%20Y-Echevarria/1%20Tesis%20MIE/proyectos/web-timetabling/mda/../common/target/src/finf/ucf/cu/domain/crud/SubjectValueObject.java'
2013-11-24 22:09:30,091 INFO  [AndroMDA:spring] Output: 'file:/F:/SUPERACION/PhD%20Y-Echevarria/1%20Tesis%20MIE/proyectos/web-timetabling/mda/../common/target/src/finf/ucf/cu/domain/crud/ClassTimeValueObject.java'
2013-11-24 22:09:30,107 INFO  [AndroMDA:spring] Output: 'file:/F:/SUPERACION/PhD%20Y-Echevarria/1%20Tesis%20MIE/proyectos/web-timetabling/mda/../common/target/src/finf/ucf/cu/domain/crud/RoomValueObject.java'
2013-11-24 22:09:30,138 INFO  [AndroMDA:spring] Output: 'file:/F:/SUPERACION/PhD%20Y-Echevarria/1%20Tesis%20MIE/proyectos/web-timetabling/mda/../common/target/src/finf/ucf/cu/domain/crud/SemesterValueObject.java'
2013-11-24 22:09:30,169 INFO  [AndroMDA:spring] Output: 'file:/F:/SUPERACION/PhD%20Y-Echevarria/1%20Tesis%20MIE/proyectos/web-timetabling/mda/../common/target/src/finf/ucf/cu/domain/crud/ClassTypeValueObject.java'
2013-11-24 22:09:30,185 INFO  [AndroMDA:spring] Output: 'file:/F:/SUPERACION/PhD%20Y-Echevarria/1%20Tesis%20MIE/proyectos/web-timetabling/mda/../common/target/src/finf/ucf/cu/domain/crud/ResourceValueObject.java'
2013-11-24 22:09:30,232 INFO  [AndroMDA:spring] Output: 'file:/F:/SUPERACION/PhD%20Y-Echevarria/1%20Tesis%20MIE/proyectos/web-timetabling/mda/../common/target/src/finf/ucf/cu/domain/crud/BuildingValueObject.java'
2013-11-24 22:09:30,247 INFO  [AndroMDA:spring] Output: 'file:/F:/SUPERACION/PhD%20Y-Echevarria/1%20Tesis%20MIE/proyectos/web-timetabling/mda/../common/target/src/finf/ucf/cu/domain/crud/NotAvalabilityValueObject.java'
2013-11-24 22:09:30,279 INFO  [AndroMDA:spring] Output: 'file:/F:/SUPERACION/PhD%20Y-Echevarria/1%20Tesis%20MIE/proyectos/web-timetabling/mda/../common/target/src/finf/ucf/cu/domain/crud/P1ValueObject.java'
2013-11-24 22:09:30,341 INFO  [AndroMDA:spring] Output: 'file:/F:/SUPERACION/PhD%20Y-Echevarria/1%20Tesis%20MIE/proyectos/web-timetabling/mda/../common/target/src/finf/ucf/cu/domain/crud/ActivityValueObject.java'
2013-11-24 22:09:30,372 INFO  [AndroMDA:spring] Output: 'file:/F:/SUPERACION/PhD%20Y-Echevarria/1%20Tesis%20MIE/proyectos/web-timetabling/mda/../common/target/src/finf/ucf/cu/domain/crud/ImpartitionPlanValueObject.java'
2013-11-24 22:09:30,372 INFO  [AndroMDA:spring] Output: 'file:/F:/SUPERACION/PhD%20Y-Echevarria/1%20Tesis%20MIE/proyectos/web-timetabling/mda/../common/target/src/finf/ucf/cu/domain/crud/DepartmentValueObject.java'
2013-11-24 22:09:30,388 INFO  [AndroMDA:spring] Output: 'file:/F:/SUPERACION/PhD%20Y-Echevarria/1%20Tesis%20MIE/proyectos/web-timetabling/mda/../common/target/src/finf/ucf/cu/domain/crud/ThemeValueObject.java'
2013-11-24 22:09:30,685 INFO  [AndroMDA:hibernate] Output: 'file:/F:/SUPERACION/PhD%20Y-Echevarria/1%20Tesis%20MIE/proyectos/web-timetabling/mda/../core/target/src/finf/ucf/cu/domain/Teacher.hbm.xml'
2013-11-24 22:09:30,716 INFO  [AndroMDA:hibernate] Output: 'file:/F:/SUPERACION/PhD%20Y-Echevarria/1%20Tesis%20MIE/proyectos/web-timetabling/mda/../core/target/src/finf/ucf/cu/domain/Group.hbm.xml'
2013-11-24 22:09:30,763 INFO  [AndroMDA:hibernate] Output: 'file:/F:/SUPERACION/PhD%20Y-Echevarria/1%20Tesis%20MIE/proyectos/web-timetabling/mda/../core/target/src/finf/ucf/cu/domain/Subject.hbm.xml'
2013-11-24 22:09:30,826 INFO  [AndroMDA:hibernate] Output: 'file:/F:/SUPERACION/PhD%20Y-Echevarria/1%20Tesis%20MIE/proyectos/web-timetabling/mda/../core/target/src/finf/ucf/cu/domain/ClassTime.hbm.xml'
2013-11-24 22:09:30,857 INFO  [AndroMDA:hibernate] Output: 'file:/F:/SUPERACION/PhD%20Y-Echevarria/1%20Tesis%20MIE/proyectos/web-timetabling/mda/../core/target/src/finf/ucf/cu/domain/Room.hbm.xml'
2013-11-24 22:09:30,872 INFO  [AndroMDA:hibernate] Output: 'file:/F:/SUPERACION/PhD%20Y-Echevarria/1%20Tesis%20MIE/proyectos/web-timetabling/mda/../core/target/src/finf/ucf/cu/domain/Semester.hbm.xml'
2013-11-24 22:09:31,060 INFO  [AndroMDA:hibernate] Output: 'file:/F:/SUPERACION/PhD%20Y-Echevarria/1%20Tesis%20MIE/proyectos/web-timetabling/mda/../core/target/src/finf/ucf/cu/domain/Users.hbm.xml'
2013-11-24 22:09:31,091 INFO  [AndroMDA:hibernate] Output: 'file:/F:/SUPERACION/PhD%20Y-Echevarria/1%20Tesis%20MIE/proyectos/web-timetabling/mda/../core/target/src/finf/ucf/cu/domain/UserRole.hbm.xml'
2013-11-24 22:09:31,107 INFO  [AndroMDA:hibernate] Output: 'file:/F:/SUPERACION/PhD%20Y-Echevarria/1%20Tesis%20MIE/proyectos/web-timetabling/mda/../core/target/src/finf/ucf/cu/domain/ClassType.hbm.xml'
2013-11-24 22:09:31,122 INFO  [AndroMDA:hibernate] Output: 'file:/F:/SUPERACION/PhD%20Y-Echevarria/1%20Tesis%20MIE/proyectos/web-timetabling/mda/../core/target/src/finf/ucf/cu/domain/Resource.hbm.xml'
2013-11-24 22:09:31,138 INFO  [AndroMDA:hibernate] Output: 'file:/F:/SUPERACION/PhD%20Y-Echevarria/1%20Tesis%20MIE/proyectos/web-timetabling/mda/../core/target/src/finf/ucf/cu/domain/Building.hbm.xml'
2013-11-24 22:09:31,169 INFO  [AndroMDA:hibernate] Output: 'file:/F:/SUPERACION/PhD%20Y-Echevarria/1%20Tesis%20MIE/proyectos/web-timetabling/mda/../core/target/src/finf/ucf/cu/domain/NotAvalability.hbm.xml'
2013-11-24 22:09:31,201 INFO  [AndroMDA:hibernate] Output: 'file:/F:/SUPERACION/PhD%20Y-Echevarria/1%20Tesis%20MIE/proyectos/web-timetabling/mda/../core/target/src/finf/ucf/cu/domain/P1.hbm.xml'
2013-11-24 22:09:31,232 INFO  [AndroMDA:hibernate] Output: 'file:/F:/SUPERACION/PhD%20Y-Echevarria/1%20Tesis%20MIE/proyectos/web-timetabling/mda/../core/target/src/finf/ucf/cu/domain/Activity.hbm.xml'
2013-11-24 22:09:31,279 INFO  [AndroMDA:hibernate] Output: 'file:/F:/SUPERACION/PhD%20Y-Echevarria/1%20Tesis%20MIE/proyectos/web-timetabling/mda/../core/target/src/finf/ucf/cu/domain/ImpartitionPlan.hbm.xml'
2013-11-24 22:09:31,310 INFO  [AndroMDA:hibernate] Output: 'file:/F:/SUPERACION/PhD%20Y-Echevarria/1%20Tesis%20MIE/proyectos/web-timetabling/mda/../core/target/src/finf/ucf/cu/domain/Department.hbm.xml'
2013-11-24 22:09:31,326 INFO  [AndroMDA:hibernate] Output: 'file:/F:/SUPERACION/PhD%20Y-Echevarria/1%20Tesis%20MIE/proyectos/web-timetabling/mda/../core/target/src/finf/ucf/cu/domain/Theme.hbm.xml'
2013-11-24 22:09:31,357 INFO  [AndroMDA:hibernate] Output: 'file:/F:/SUPERACION/PhD%20Y-Echevarria/1%20Tesis%20MIE/proyectos/web-timetabling/mda/../core/target/src/finf/ucf/cu/domain/RoleEnum.java'
2013-11-24 22:09:31,372 INFO  [AndroMDA:hibernate] Output: 'file:/F:/SUPERACION/PhD%20Y-Echevarria/1%20Tesis%20MIE/proyectos/web-timetabling/mda/../core/target/src/finf/ucf/cu/domain/cTimeEnum.java'
2013-11-24 22:09:31,513 INFO  [AndroMDA:hibernate] Output: 'file:/F:/SUPERACION/PhD%20Y-Echevarria/1%20Tesis%20MIE/proyectos/web-timetabling/mda/../core/target/src/finf/ucf/cu/domain/Teacher.java'
2013-11-24 22:09:31,560 INFO  [AndroMDA:hibernate] Output: 'file:/F:/SUPERACION/PhD%20Y-Echevarria/1%20Tesis%20MIE/proyectos/web-timetabling/mda/../core/target/src/finf/ucf/cu/domain/Group.java'
2013-11-24 22:09:31,591 INFO  [AndroMDA:hibernate] Output: 'file:/F:/SUPERACION/PhD%20Y-Echevarria/1%20Tesis%20MIE/proyectos/web-timetabling/mda/../core/target/src/finf/ucf/cu/domain/Subject.java'
2013-11-24 22:09:31,669 INFO  [AndroMDA:hibernate] Output: 'file:/F:/SUPERACION/PhD%20Y-Echevarria/1%20Tesis%20MIE/proyectos/web-timetabling/mda/../core/target/src/finf/ucf/cu/domain/ClassTime.java'
2013-11-24 22:09:31,716 INFO  [AndroMDA:hibernate] Output: 'file:/F:/SUPERACION/PhD%20Y-Echevarria/1%20Tesis%20MIE/proyectos/web-timetabling/mda/../core/target/src/finf/ucf/cu/domain/Room.java'
2013-11-24 22:09:31,732 INFO  [AndroMDA:hibernate] Output: 'file:/F:/SUPERACION/PhD%20Y-Echevarria/1%20Tesis%20MIE/proyectos/web-timetabling/mda/../core/target/src/finf/ucf/cu/domain/Semester.java'
2013-11-24 22:09:31,763 INFO  [AndroMDA:hibernate] Output: 'file:/F:/SUPERACION/PhD%20Y-Echevarria/1%20Tesis%20MIE/proyectos/web-timetabling/mda/../core/target/src/finf/ucf/cu/domain/Users.java'
2013-11-24 22:09:31,763 INFO  [AndroMDA:hibernate] Output: 'file:/F:/SUPERACION/PhD%20Y-Echevarria/1%20Tesis%20MIE/proyectos/web-timetabling/mda/../core/target/src/finf/ucf/cu/domain/UserRole.java'
2013-11-24 22:09:31,779 INFO  [AndroMDA:hibernate] Output: 'file:/F:/SUPERACION/PhD%20Y-Echevarria/1%20Tesis%20MIE/proyectos/web-timetabling/mda/../core/target/src/finf/ucf/cu/domain/ClassType.java'
2013-11-24 22:09:31,794 INFO  [AndroMDA:hibernate] Output: 'file:/F:/SUPERACION/PhD%20Y-Echevarria/1%20Tesis%20MIE/proyectos/web-timetabling/mda/../core/target/src/finf/ucf/cu/domain/Resource.java'
2013-11-24 22:09:31,810 INFO  [AndroMDA:hibernate] Output: 'file:/F:/SUPERACION/PhD%20Y-Echevarria/1%20Tesis%20MIE/proyectos/web-timetabling/mda/../core/target/src/finf/ucf/cu/domain/Building.java'
2013-11-24 22:09:31,841 INFO  [AndroMDA:hibernate] Output: 'file:/F:/SUPERACION/PhD%20Y-Echevarria/1%20Tesis%20MIE/proyectos/web-timetabling/mda/../core/target/src/finf/ucf/cu/domain/NotAvalability.java'
2013-11-24 22:09:31,872 INFO  [AndroMDA:hibernate] Output: 'file:/F:/SUPERACION/PhD%20Y-Echevarria/1%20Tesis%20MIE/proyectos/web-timetabling/mda/../core/target/src/finf/ucf/cu/domain/P1.java'
2013-11-24 22:09:31,919 INFO  [AndroMDA:hibernate] Output: 'file:/F:/SUPERACION/PhD%20Y-Echevarria/1%20Tesis%20MIE/proyectos/web-timetabling/mda/../core/target/src/finf/ucf/cu/domain/Activity.java'
2013-11-24 22:09:31,951 INFO  [AndroMDA:hibernate] Output: 'file:/F:/SUPERACION/PhD%20Y-Echevarria/1%20Tesis%20MIE/proyectos/web-timetabling/mda/../core/target/src/finf/ucf/cu/domain/ImpartitionPlan.java'
2013-11-24 22:09:31,997 INFO  [AndroMDA:hibernate] Output: 'file:/F:/SUPERACION/PhD%20Y-Echevarria/1%20Tesis%20MIE/proyectos/web-timetabling/mda/../core/target/src/finf/ucf/cu/domain/Department.java'
2013-11-24 22:09:32,044 INFO  [AndroMDA:hibernate] Output: 'file:/F:/SUPERACION/PhD%20Y-Echevarria/1%20Tesis%20MIE/proyectos/web-timetabling/mda/../core/target/src/finf/ucf/cu/domain/Theme.java'
2013-11-24 22:09:32,060 INFO  [AndroMDA:hibernate] Output: 'file:/F:/SUPERACION/PhD%20Y-Echevarria/1%20Tesis%20MIE/proyectos/web-timetabling/mda/../core/target/src/finf/ucf/cu/domain/TeacherImpl.java'
2013-11-24 22:09:32,060 INFO  [AndroMDA:hibernate] Output: 'file:/F:/SUPERACION/PhD%20Y-Echevarria/1%20Tesis%20MIE/proyectos/web-timetabling/mda/../core/target/src/finf/ucf/cu/domain/GroupImpl.java'
2013-11-24 22:09:32,076 INFO  [AndroMDA:hibernate] Output: 'file:/F:/SUPERACION/PhD%20Y-Echevarria/1%20Tesis%20MIE/proyectos/web-timetabling/mda/../core/target/src/finf/ucf/cu/domain/SubjectImpl.java'
2013-11-24 22:09:32,076 INFO  [AndroMDA:hibernate] Output: 'file:/F:/SUPERACION/PhD%20Y-Echevarria/1%20Tesis%20MIE/proyectos/web-timetabling/mda/../core/target/src/finf/ucf/cu/domain/ClassTimeImpl.java'
2013-11-24 22:09:32,091 INFO  [AndroMDA:hibernate] Output: 'file:/F:/SUPERACION/PhD%20Y-Echevarria/1%20Tesis%20MIE/proyectos/web-timetabling/mda/../core/target/src/finf/ucf/cu/domain/RoomImpl.java'
2013-11-24 22:09:32,091 INFO  [AndroMDA:hibernate] Output: 'file:/F:/SUPERACION/PhD%20Y-Echevarria/1%20Tesis%20MIE/proyectos/web-timetabling/mda/../core/target/src/finf/ucf/cu/domain/SemesterImpl.java'
2013-11-24 22:09:32,091 INFO  [AndroMDA:hibernate] Output: 'file:/F:/SUPERACION/PhD%20Y-Echevarria/1%20Tesis%20MIE/proyectos/web-timetabling/mda/../core/target/src/finf/ucf/cu/domain/UserRoleImpl.java'
2013-11-24 22:09:32,107 INFO  [AndroMDA:hibernate] Output: 'file:/F:/SUPERACION/PhD%20Y-Echevarria/1%20Tesis%20MIE/proyectos/web-timetabling/mda/../core/target/src/finf/ucf/cu/domain/ClassTypeImpl.java'
2013-11-24 22:09:32,107 INFO  [AndroMDA:hibernate] Output: 'file:/F:/SUPERACION/PhD%20Y-Echevarria/1%20Tesis%20MIE/proyectos/web-timetabling/mda/../core/target/src/finf/ucf/cu/domain/ResourceImpl.java'
2013-11-24 22:09:32,122 INFO  [AndroMDA:hibernate] Output: 'file:/F:/SUPERACION/PhD%20Y-Echevarria/1%20Tesis%20MIE/proyectos/web-timetabling/mda/../core/target/src/finf/ucf/cu/domain/BuildingImpl.java'
2013-11-24 22:09:32,122 INFO  [AndroMDA:hibernate] Output: 'file:/F:/SUPERACION/PhD%20Y-Echevarria/1%20Tesis%20MIE/proyectos/web-timetabling/mda/../core/target/src/finf/ucf/cu/domain/NotAvalabilityImpl.java'
2013-11-24 22:09:32,122 INFO  [AndroMDA:hibernate] Output: 'file:/F:/SUPERACION/PhD%20Y-Echevarria/1%20Tesis%20MIE/proyectos/web-timetabling/mda/../core/target/src/finf/ucf/cu/domain/P1Impl.java'
2013-11-24 22:09:32,138 INFO  [AndroMDA:hibernate] Output: 'file:/F:/SUPERACION/PhD%20Y-Echevarria/1%20Tesis%20MIE/proyectos/web-timetabling/mda/../core/target/src/finf/ucf/cu/domain/ActivityImpl.java'
2013-11-24 22:09:32,169 INFO  [AndroMDA:hibernate] Output: 'file:/F:/SUPERACION/PhD%20Y-Echevarria/1%20Tesis%20MIE/proyectos/web-timetabling/mda/../core/target/src/finf/ucf/cu/domain/ImpartitionPlanImpl.java'
2013-11-24 22:09:32,169 INFO  [AndroMDA:hibernate] Output: 'file:/F:/SUPERACION/PhD%20Y-Echevarria/1%20Tesis%20MIE/proyectos/web-timetabling/mda/../core/target/src/finf/ucf/cu/domain/DepartmentImpl.java'
2013-11-24 22:09:32,185 INFO  [AndroMDA:hibernate] Output: 'file:/F:/SUPERACION/PhD%20Y-Echevarria/1%20Tesis%20MIE/proyectos/web-timetabling/mda/../core/target/src/finf/ucf/cu/domain/ThemeImpl.java'
2013-11-24 22:09:32,201 INFO  [AndroMDA:hibernate] Output: 'file:/F:/SUPERACION/PhD%20Y-Echevarria/1%20Tesis%20MIE/proyectos/web-timetabling/mda/../core/target/src/org/andromda/persistence/hibernate/usertypes/HibernateByteBlobType.java'
2013-11-24 22:09:32,232 INFO  [AndroMDA:hibernate] Output: 'file:/F:/SUPERACION/PhD%20Y-Echevarria/1%20Tesis%20MIE/proyectos/web-timetabling/mda/../core/target/src/org/andromda/persistence/hibernate/usertypes/HibernateStringClobType.java'
2013-11-24 22:09:32,294 INFO  [AndroMDA:hibernate] Output: 'file:/F:/SUPERACION/PhD%20Y-Echevarria/1%20Tesis%20MIE/proyectos/web-timetabling/mda/../core/target/src/ehcache.xml'
2013-11-24 22:09:32,357 INFO  [AndroMDA:java] Output: 'file:/F:/SUPERACION/PhD%20Y-Echevarria/1%20Tesis%20MIE/proyectos/web-timetabling/mda/../common/target/src/finf/ucf/cu/vo/ScheduleGroupVO.java'
2013-11-24 22:09:32,404 INFO  [AndroMDA:java] Output: 'file:/F:/SUPERACION/PhD%20Y-Echevarria/1%20Tesis%20MIE/proyectos/web-timetabling/mda/../common/target/src/finf/ucf/cu/vo/UserVO.java'
2013-11-24 22:09:32,404 INFO  [AndroMDA:java] Output: 'file:/F:/SUPERACION/PhD%20Y-Echevarria/1%20Tesis%20MIE/proyectos/web-timetabling/mda/../common/target/src/finf/ucf/cu/vo/UserDetailsVO.java'
2013-11-24 22:09:32,419 INFO  [AndroMDA:java] Output: 'file:/F:/SUPERACION/PhD%20Y-Echevarria/1%20Tesis%20MIE/proyectos/web-timetabling/mda/../common/target/src/finf/ucf/cu/vo/UserRoleVO.java'
2013-11-24 22:09:32,435 INFO  [AndroMDA:java] Output: 'file:/F:/SUPERACION/PhD%20Y-Echevarria/1%20Tesis%20MIE/proyectos/web-timetabling/mda/../common/target/src/finf/ucf/cu/domain/Role.java'
2013-11-24 22:09:32,451 INFO  [AndroMDA:java] Output: 'file:/F:/SUPERACION/PhD%20Y-Echevarria/1%20Tesis%20MIE/proyectos/web-timetabling/mda/../common/target/src/finf/ucf/cu/domain/cTime.java'
2013-11-24 22:09:32,607 INFO  [AndroMDA:bpm4struts] Output: 'file:/F:/SUPERACION/PhD%20Y-Echevarria/1%20Tesis%20MIE/proyectos/web-timetabling/mda/../web/target/src/layout/breadcrumb.gif'
2013-11-24 22:09:32,622 INFO  [AndroMDA:bpm4struts] Output: 'file:/F:/SUPERACION/PhD%20Y-Echevarria/1%20Tesis%20MIE/proyectos/web-timetabling/mda/../web/target/src/layout/csv.gif'
2013-11-24 22:09:32,622 INFO  [AndroMDA:bpm4struts] Output: 'file:/F:/SUPERACION/PhD%20Y-Echevarria/1%20Tesis%20MIE/proyectos/web-timetabling/mda/../web/target/src/layout/none.gif'
2013-11-24 22:09:32,654 INFO  [AndroMDA:bpm4struts] Output: 'file:/F:/SUPERACION/PhD%20Y-Echevarria/1%20Tesis%20MIE/proyectos/web-timetabling/mda/../web/target/src/layout/hints.js'
2013-11-24 22:09:32,654 INFO  [AndroMDA:bpm4struts] Output: 'file:/F:/SUPERACION/PhD%20Y-Echevarria/1%20Tesis%20MIE/proyectos/web-timetabling/mda/../web/target/src/layout/excel.gif'
2013-11-24 22:09:32,669 INFO  [AndroMDA:bpm4struts] Output: 'file:/F:/SUPERACION/PhD%20Y-Echevarria/1%20Tesis%20MIE/proyectos/web-timetabling/mda/../web/target/src/layout/layout-common.js'
2013-11-24 22:09:32,669 INFO  [AndroMDA:bpm4struts] Output: 'file:/F:/SUPERACION/PhD%20Y-Echevarria/1%20Tesis%20MIE/proyectos/web-timetabling/mda/../web/target/src/layout/ascending.gif'
2013-11-24 22:09:32,669 INFO  [AndroMDA:bpm4struts] Output: 'file:/F:/SUPERACION/PhD%20Y-Echevarria/1%20Tesis%20MIE/proyectos/web-timetabling/mda/../web/target/src/layout/default-calendar.css'
2013-11-24 22:09:32,716 INFO  [AndroMDA:bpm4struts] Output: 'file:/F:/SUPERACION/PhD%20Y-Echevarria/1%20Tesis%20MIE/proyectos/web-timetabling/mda/../web/target/src/layout/key-events.js'
2013-11-24 22:09:32,732 INFO  [AndroMDA:bpm4struts] Output: 'file:/F:/SUPERACION/PhD%20Y-Echevarria/1%20Tesis%20MIE/proyectos/web-timetabling/mda/../web/target/src/layout/warning.gif'
2013-11-24 22:09:32,763 INFO  [AndroMDA:bpm4struts] Output: 'file:/F:/SUPERACION/PhD%20Y-Echevarria/1%20Tesis%20MIE/proyectos/web-timetabling/mda/../web/target/src/layout/default.css'
2013-11-24 22:09:32,779 INFO  [AndroMDA:bpm4struts] Output: 'file:/F:/SUPERACION/PhD%20Y-Echevarria/1%20Tesis%20MIE/proyectos/web-timetabling/mda/../web/target/src/layout/descending.gif'
2013-11-24 22:09:32,779 INFO  [AndroMDA:bpm4struts] Output: 'file:/F:/SUPERACION/PhD%20Y-Echevarria/1%20Tesis%20MIE/proyectos/web-timetabling/mda/../web/target/src/layout/pdf.gif'
2013-11-24 22:09:32,810 INFO  [AndroMDA:bpm4struts] Output: 'file:/F:/SUPERACION/PhD%20Y-Echevarria/1%20Tesis%20MIE/proyectos/web-timetabling/mda/../web/target/src/layout/help.gif'
2013-11-24 22:09:32,810 INFO  [AndroMDA:bpm4struts] Output: 'file:/F:/SUPERACION/PhD%20Y-Echevarria/1%20Tesis%20MIE/proyectos/web-timetabling/mda/../web/target/src/layout/xml.gif'
2013-11-24 22:09:32,810 INFO  [AndroMDA:bpm4struts] Output: 'file:/F:/SUPERACION/PhD%20Y-Echevarria/1%20Tesis%20MIE/proyectos/web-timetabling/mda/../web/target/src/layout/calendar/calendar.gif'
2013-11-24 22:09:32,810 INFO  [AndroMDA:bpm4struts] Output: 'file:/F:/SUPERACION/PhD%20Y-Echevarria/1%20Tesis%20MIE/proyectos/web-timetabling/mda/../web/target/src/layout/calendar/menuarrow.gif'
2013-11-24 22:09:32,888 INFO  [AndroMDA:bpm4struts] Output: 'file:/F:/SUPERACION/PhD%20Y-Echevarria/1%20Tesis%20MIE/proyectos/web-timetabling/mda/../web/target/src/WEB-INF/lib/andromda-breadcrumbs-taglib.jar'
2013-11-24 22:09:32,904 INFO  [AndroMDA:bpm4struts] Output: 'file:/F:/SUPERACION/PhD%20Y-Echevarria/1%20Tesis%20MIE/proyectos/web-timetabling/mda/../web/target/src/WEB-INF/lib/andromda-formatting-taglib.jar'
2013-11-24 22:09:32,919 INFO  [AndroMDA:bpm4struts] Output: 'file:/F:/SUPERACION/PhD%20Y-Echevarria/1%20Tesis%20MIE/proyectos/web-timetabling/mda/../web/target/src/WEB-INF/lib/andromda-collections-taglib.jar'
2013-11-24 22:09:32,982 INFO  [AndroMDA:bpm4struts] Output: 'file:/F:/SUPERACION/PhD%20Y-Echevarria/1%20Tesis%20MIE/proyectos/web-timetabling/mda/../web/target/src/finf/ucf/cu/web/groupschedule/GroupSchedule.java'
2013-11-24 22:09:32,997 INFO  [AndroMDA:bpm4struts] Output: 'file:/F:/SUPERACION/PhD%20Y-Echevarria/1%20Tesis%20MIE/proyectos/web-timetabling/mda/../web/target/src/finf/ucf/cu/web/groupschedule/GroupScheduleBuscar.java'
2013-11-24 22:09:33,013 INFO  [AndroMDA:bpm4struts] Output: 'file:/F:/SUPERACION/PhD%20Y-Echevarria/1%20Tesis%20MIE/proyectos/web-timetabling/mda/../web/target/src/finf/ucf/cu/web/planner/Planner.java'
2013-11-24 22:09:33,013 INFO  [AndroMDA:bpm4struts] Output: 'file:/F:/SUPERACION/PhD%20Y-Echevarria/1%20Tesis%20MIE/proyectos/web-timetabling/mda/../web/target/src/finf/ucf/cu/web/teacherSchedule/TeacherSchedule.java'
2013-11-24 22:09:33,044 INFO  [AndroMDA:bpm4struts] Output: 'file:/F:/SUPERACION/PhD%20Y-Echevarria/1%20Tesis%20MIE/proyectos/web-timetabling/mda/../web/target/src/finf/ucf/cu/web/teacherSchedule/TeacherScheduleBuscar.java'
2013-11-24 22:09:33,076 INFO  [AndroMDA:bpm4struts] Output: 'file:/F:/SUPERACION/PhD%20Y-Echevarria/1%20Tesis%20MIE/proyectos/web-timetabling/mda/../web/target/src/finf/ucf/cu/web/roomschedule/RoomSchedule.java'
2013-11-24 22:09:33,076 INFO  [AndroMDA:bpm4struts] Output: 'file:/F:/SUPERACION/PhD%20Y-Echevarria/1%20Tesis%20MIE/proyectos/web-timetabling/mda/../web/target/src/finf/ucf/cu/web/roomschedule/RoomScheduleBuscar.java'
2013-11-24 22:09:33,091 INFO  [AndroMDA:bpm4struts] Output: 'file:/F:/SUPERACION/PhD%20Y-Echevarria/1%20Tesis%20MIE/proyectos/web-timetabling/mda/../web/target/src/finf/ucf/cu/web/home/Home.java'
2013-11-24 22:09:33,123 INFO  [AndroMDA:bpm4struts] Output: 'file:/F:/SUPERACION/PhD%20Y-Echevarria/1%20Tesis%20MIE/proyectos/web-timetabling/mda/../web/target/src/finf/ucf/cu/web/makep1/MakeP1.java'
2013-11-24 22:09:33,154 INFO  [AndroMDA:bpm4struts] Output: 'file:/F:/SUPERACION/PhD%20Y-Echevarria/1%20Tesis%20MIE/proyectos/web-timetabling/mda/../web/target/src/org/andromda/presentation/bpm4struts/PatternMatchingExceptionHandler.java'
2013-11-24 22:09:33,232 INFO  [AndroMDA:bpm4struts] Output: 'file:/F:/SUPERACION/PhD%20Y-Echevarria/1%20Tesis%20MIE/proyectos/web-timetabling/mda/../web/target/src/finf/ucf/cu/web/groupschedule/group-schedule-buscar.jspf'
2013-11-24 22:09:33,357 INFO  [AndroMDA:bpm4struts] Output: 'file:/F:/SUPERACION/PhD%20Y-Echevarria/1%20Tesis%20MIE/proyectos/web-timetabling/mda/../web/target/src/finf/ucf/cu/web/teacherSchedule/teacher-schedule-buscar.jspf'
2013-11-24 22:09:33,388 INFO  [AndroMDA:bpm4struts] Output: 'file:/F:/SUPERACION/PhD%20Y-Echevarria/1%20Tesis%20MIE/proyectos/web-timetabling/mda/../web/target/src/finf/ucf/cu/web/roomschedule/room-schedule-buscar.jspf'
2013-11-24 22:09:33,451 INFO  [AndroMDA:bpm4struts] Output: 'file:/F:/SUPERACION/PhD%20Y-Echevarria/1%20Tesis%20MIE/proyectos/web-timetabling/mda/../web/target/src/finf/ucf/cu/web/groupschedule/GroupScheduleFormImpl.java'
2013-11-24 22:09:33,466 INFO  [AndroMDA:bpm4struts] Output: 'file:/F:/SUPERACION/PhD%20Y-Echevarria/1%20Tesis%20MIE/proyectos/web-timetabling/mda/../web/target/src/finf/ucf/cu/web/groupschedule/GroupScheduleBuscarFormImpl.java'
2013-11-24 22:09:33,482 INFO  [AndroMDA:bpm4struts] Output: 'file:/F:/SUPERACION/PhD%20Y-Echevarria/1%20Tesis%20MIE/proyectos/web-timetabling/mda/../web/target/src/finf/ucf/cu/web/teacherSchedule/TeacherScheduleFormImpl.java'
2013-11-24 22:09:33,513 INFO  [AndroMDA:bpm4struts] Output: 'file:/F:/SUPERACION/PhD%20Y-Echevarria/1%20Tesis%20MIE/proyectos/web-timetabling/mda/../web/target/src/finf/ucf/cu/web/teacherSchedule/TeacherScheduleBuscarFormImpl.java'
2013-11-24 22:09:33,544 INFO  [AndroMDA:bpm4struts] Output: 'file:/F:/SUPERACION/PhD%20Y-Echevarria/1%20Tesis%20MIE/proyectos/web-timetabling/mda/../web/target/src/finf/ucf/cu/web/roomschedule/RoomScheduleFormImpl.java'
2013-11-24 22:09:33,607 INFO  [AndroMDA:bpm4struts] Output: 'file:/F:/SUPERACION/PhD%20Y-Echevarria/1%20Tesis%20MIE/proyectos/web-timetabling/mda/../web/target/src/finf/ucf/cu/web/roomschedule/RoomScheduleBuscarFormImpl.java'
2013-11-24 22:09:33,638 INFO  [AndroMDA:bpm4struts] Output: 'file:/F:/SUPERACION/PhD%20Y-Echevarria/1%20Tesis%20MIE/proyectos/web-timetabling/mda/../web/target/src/finf/ucf/cu/web/groupschedule/LoadScheduleForm.java'
2013-11-24 22:09:33,669 INFO  [AndroMDA:bpm4struts] Output: 'file:/F:/SUPERACION/PhD%20Y-Echevarria/1%20Tesis%20MIE/proyectos/web-timetabling/mda/../web/target/src/finf/ucf/cu/web/teacherSchedule/LoadTeacherForm.java'
2013-11-24 22:09:33,716 INFO  [AndroMDA:bpm4struts] Output: 'file:/F:/SUPERACION/PhD%20Y-Echevarria/1%20Tesis%20MIE/proyectos/web-timetabling/mda/../web/target/src/finf/ucf/cu/web/roomschedule/LoadRoomScheduleForm.java'
2013-11-24 22:09:33,732 INFO  [AndroMDA:bpm4struts] Output: 'file:/F:/SUPERACION/PhD%20Y-Echevarria/1%20Tesis%20MIE/proyectos/web-timetabling/mda/../web/target/src/finf/ucf/cu/web/makep1/LoadP1Form.java'
2013-11-24 22:09:33,826 INFO  [AndroMDA:bpm4struts] Output: 'file:/F:/SUPERACION/PhD%20Y-Echevarria/1%20Tesis%20MIE/proyectos/web-timetabling/mda/../web/target/src/finf/ucf/cu/web/groupschedule/GroupScheduleController.java'
2013-11-24 22:09:33,857 INFO  [AndroMDA:bpm4struts] Output: 'file:/F:/SUPERACION/PhD%20Y-Echevarria/1%20Tesis%20MIE/proyectos/web-timetabling/mda/../web/target/src/finf/ucf/cu/web/teacherSchedule/TeacherController.java'
2013-11-24 22:09:33,857 INFO  [AndroMDA:bpm4struts] Output: 'file:/F:/SUPERACION/PhD%20Y-Echevarria/1%20Tesis%20MIE/proyectos/web-timetabling/mda/../web/target/src/finf/ucf/cu/web/roomschedule/RoomController.java'
2013-11-24 22:09:33,873 INFO  [AndroMDA:bpm4struts] Output: 'file:/F:/SUPERACION/PhD%20Y-Echevarria/1%20Tesis%20MIE/proyectos/web-timetabling/mda/../web/target/src/finf/ucf/cu/web/makep1/MakeP1Controller.java'
2013-11-24 22:09:33,904 INFO  [AndroMDA:bpm4struts] Output: 'file:/F:/SUPERACION/PhD%20Y-Echevarria/1%20Tesis%20MIE/proyectos/web-timetabling/mda/../web/target/src/finf/ucf/cu/web/groupschedule/GroupScheduleControllerFactory.java'
2013-11-24 22:09:33,951 INFO  [AndroMDA:bpm4struts] Output: 'file:/F:/SUPERACION/PhD%20Y-Echevarria/1%20Tesis%20MIE/proyectos/web-timetabling/mda/../web/target/src/finf/ucf/cu/web/teacherSchedule/TeacherControllerFactory.java'
2013-11-24 22:09:33,982 INFO  [AndroMDA:bpm4struts] Output: 'file:/F:/SUPERACION/PhD%20Y-Echevarria/1%20Tesis%20MIE/proyectos/web-timetabling/mda/../web/target/src/finf/ucf/cu/web/roomschedule/RoomControllerFactory.java'
2013-11-24 22:09:33,998 INFO  [AndroMDA:bpm4struts] Output: 'file:/F:/SUPERACION/PhD%20Y-Echevarria/1%20Tesis%20MIE/proyectos/web-timetabling/mda/../web/target/src/finf/ucf/cu/web/makep1/MakeP1ControllerFactory.java'
2013-11-24 22:09:34,060 INFO  [AndroMDA:bpm4struts] Output: 'file:/F:/SUPERACION/PhD%20Y-Echevarria/1%20Tesis%20MIE/proyectos/web-timetabling/mda/../web/target/src/finf/ucf/cu/web/groupschedule/group-schedule.jsp'
2013-11-24 22:09:34,076 INFO  [AndroMDA:bpm4struts] Output: 'file:/F:/SUPERACION/PhD%20Y-Echevarria/1%20Tesis%20MIE/proyectos/web-timetabling/mda/../web/target/src/finf/ucf/cu/web/planner/planner.jsp'
2013-11-24 22:09:34,107 INFO  [AndroMDA:bpm4struts] Output: 'file:/F:/SUPERACION/PhD%20Y-Echevarria/1%20Tesis%20MIE/proyectos/web-timetabling/mda/../web/target/src/finf/ucf/cu/web/teacherSchedule/teacher-schedule.jsp'
2013-11-24 22:09:34,138 INFO  [AndroMDA:bpm4struts] Output: 'file:/F:/SUPERACION/PhD%20Y-Echevarria/1%20Tesis%20MIE/proyectos/web-timetabling/mda/../web/target/src/finf/ucf/cu/web/roomschedule/room-schedule.jsp'
2013-11-24 22:09:34,154 INFO  [AndroMDA:bpm4struts] Output: 'file:/F:/SUPERACION/PhD%20Y-Echevarria/1%20Tesis%20MIE/proyectos/web-timetabling/mda/../web/target/src/finf/ucf/cu/web/home/home.jsp'
2013-11-24 22:09:34,169 INFO  [AndroMDA:bpm4struts] Output: 'file:/F:/SUPERACION/PhD%20Y-Echevarria/1%20Tesis%20MIE/proyectos/web-timetabling/mda/../web/target/src/finf/ucf/cu/web/makep1/choice-subject-and-semester.jsp'
2013-11-24 22:09:34,201 INFO  [AndroMDA:bpm4struts] Output: 'file:/F:/SUPERACION/PhD%20Y-Echevarria/1%20Tesis%20MIE/proyectos/web-timetabling/mda/../web/target/src/finf/ucf/cu/web/makep1/show-p1.jsp'
2013-11-24 22:09:34,216 INFO  [AndroMDA:bpm4struts] Output: 'file:/F:/SUPERACION/PhD%20Y-Echevarria/1%20Tesis%20MIE/proyectos/web-timetabling/mda/../web/target/src/finf/ucf/cu/web/makep1/load.jsp'
2013-11-24 22:09:34,248 INFO  [AndroMDA:bpm4struts] Output: 'file:/F:/SUPERACION/PhD%20Y-Echevarria/1%20Tesis%20MIE/proyectos/web-timetabling/mda/../web/target/src/error-page.jsp'
2013-11-24 22:09:34,279 INFO  [AndroMDA:bpm4struts] Output: 'file:/F:/SUPERACION/PhD%20Y-Echevarria/1%20Tesis%20MIE/proyectos/web-timetabling/mda/../web/target/src/finf/ucf/cu/web/groupschedule/group-schedule-javascript.jspf'
2013-11-24 22:09:34,310 INFO  [AndroMDA:bpm4struts] Output: 'file:/F:/SUPERACION/PhD%20Y-Echevarria/1%20Tesis%20MIE/proyectos/web-timetabling/mda/../web/target/src/finf/ucf/cu/web/planner/planner-javascript.jspf'
2013-11-24 22:09:34,341 INFO  [AndroMDA:bpm4struts] Output: 'file:/F:/SUPERACION/PhD%20Y-Echevarria/1%20Tesis%20MIE/proyectos/web-timetabling/mda/../web/target/src/finf/ucf/cu/web/teacherSchedule/teacher-schedule-javascript.jspf'
2013-11-24 22:09:34,373 INFO  [AndroMDA:bpm4struts] Output: 'file:/F:/SUPERACION/PhD%20Y-Echevarria/1%20Tesis%20MIE/proyectos/web-timetabling/mda/../web/target/src/finf/ucf/cu/web/roomschedule/room-schedule-javascript.jspf'
2013-11-24 22:09:34,404 INFO  [AndroMDA:bpm4struts] Output: 'file:/F:/SUPERACION/PhD%20Y-Echevarria/1%20Tesis%20MIE/proyectos/web-timetabling/mda/../web/target/src/finf/ucf/cu/web/home/home-javascript.jspf'
2013-11-24 22:09:34,466 INFO  [AndroMDA:bpm4struts] Output: 'file:/F:/SUPERACION/PhD%20Y-Echevarria/1%20Tesis%20MIE/proyectos/web-timetabling/mda/../web/target/src/finf/ucf/cu/web/makep1/choice-subject-and-semester-javascript.jspf'
2013-11-24 22:09:34,498 INFO  [AndroMDA:bpm4struts] Output: 'file:/F:/SUPERACION/PhD%20Y-Echevarria/1%20Tesis%20MIE/proyectos/web-timetabling/mda/../web/target/src/finf/ucf/cu/web/makep1/show-p1-javascript.jspf'
2013-11-24 22:09:34,560 INFO  [AndroMDA:bpm4struts] Output: 'file:/F:/SUPERACION/PhD%20Y-Echevarria/1%20Tesis%20MIE/proyectos/web-timetabling/mda/../web/target/src/finf/ucf/cu/web/makep1/load-javascript.jspf'
2013-11-24 22:09:34,576 INFO  [AndroMDA:bpm4struts] Output: 'file:/F:/SUPERACION/PhD%20Y-Echevarria/1%20Tesis%20MIE/proyectos/web-timetabling/mda/../web/target/src/finf/ucf/cu/web/groupschedule/group-schedule-vars.jspf'
2013-11-24 22:09:34,591 INFO  [AndroMDA:bpm4struts] Output: 'file:/F:/SUPERACION/PhD%20Y-Echevarria/1%20Tesis%20MIE/proyectos/web-timetabling/mda/../web/target/src/finf/ucf/cu/web/teacherSchedule/teacher-schedule-vars.jspf'
2013-11-24 22:09:34,607 INFO  [AndroMDA:bpm4struts] Output: 'file:/F:/SUPERACION/PhD%20Y-Echevarria/1%20Tesis%20MIE/proyectos/web-timetabling/mda/../web/target/src/finf/ucf/cu/web/roomschedule/room-schedule-vars.jspf'
2013-11-24 22:09:34,654 INFO  [AndroMDA:bpm4struts] Output: 'file:/F:/SUPERACION/PhD%20Y-Echevarria/1%20Tesis%20MIE/proyectos/web-timetabling/mda/../web/target/src/finf/ucf/cu/web/groupschedule/group-schedule-groupSchedule.jspf'
2013-11-24 22:09:34,669 INFO  [AndroMDA:bpm4struts] Output: 'file:/F:/SUPERACION/PhD%20Y-Echevarria/1%20Tesis%20MIE/proyectos/web-timetabling/mda/../web/target/src/finf/ucf/cu/web/teacherSchedule/teacher-schedule-par.jspf'
2013-11-24 22:09:34,716 INFO  [AndroMDA:bpm4struts] Output: 'file:/F:/SUPERACION/PhD%20Y-Echevarria/1%20Tesis%20MIE/proyectos/web-timetabling/mda/../web/target/src/finf/ucf/cu/web/roomschedule/room-schedule-par.jspf'
2013-11-24 22:09:34,732 INFO  [AndroMDA:bpm4struts] Output: 'file:/F:/SUPERACION/PhD%20Y-Echevarria/1%20Tesis%20MIE/proyectos/web-timetabling/mda/../web/target/src/form-validation.jsp'
2013-11-24 22:09:34,779 INFO  [AndroMDA:bpm4struts] Output: 'file:/F:/SUPERACION/PhD%20Y-Echevarria/1%20Tesis%20MIE/proyectos/web-timetabling/mda/../web/target/src/WEB-INF/validator-rules.xml'
2013-11-24 22:09:34,873 INFO  [AndroMDA:bpm4struts] Output: 'file:/F:/SUPERACION/PhD%20Y-Echevarria/1%20Tesis%20MIE/proyectos/web-timetabling/mda/../web/target/src/org/andromda/presentation/bpm4struts/StrutsValidator.java'
2013-11-24 22:09:34,873 INFO  [AndroMDA:bpm4struts] Output: 'file:/F:/SUPERACION/PhD%20Y-Echevarria/1%20Tesis%20MIE/proyectos/web-timetabling/mda/../web/target/src/index.jsp'
2013-11-24 22:09:34,951 INFO  [AndroMDA:bpm4struts] Output: 'file:/F:/SUPERACION/PhD%20Y-Echevarria/1%20Tesis%20MIE/proyectos/web-timetabling/mda/../web/target/src/WEB-INF/classes/application-resources.properties'
2013-11-24 22:09:34,966 INFO  [AndroMDA:bpm4struts] Output: 'file:/F:/SUPERACION/PhD%20Y-Echevarria/1%20Tesis%20MIE/proyectos/web-timetabling/mda/../web/target/src/WEB-INF/classes/displaytag.properties'
2013-11-24 22:09:35,013 INFO  [AndroMDA:bpm4struts] Output: 'file:/F:/SUPERACION/PhD%20Y-Echevarria/1%20Tesis%20MIE/proyectos/web-timetabling/mda/../web/target/src/WEB-INF/web.xml'
2013-11-24 22:09:35,013 INFO  [AndroMDA:bpm4struts] Output: 'file:/F:/SUPERACION/PhD%20Y-Echevarria/1%20Tesis%20MIE/proyectos/web-timetabling/mda/../web/target/src/org/andromda/presentation/bpm4struts/ActionServlet.java'
2013-11-24 22:09:35,045 INFO  [AndroMDA:bpm4struts] Output: 'file:/F:/SUPERACION/PhD%20Y-Echevarria/1%20Tesis%20MIE/proyectos/web-timetabling/mda/../web/target/src/WEB-INF/jboss-web.xml'
2013-11-24 22:09:35,076 INFO  [AndroMDA:bpm4struts] Output: 'file:/F:/SUPERACION/PhD%20Y-Echevarria/1%20Tesis%20MIE/proyectos/web-timetabling/mda/../web/target/src/login/login-form.jsp'
2013-11-24 22:09:35,107 INFO  [AndroMDA:bpm4struts] Output: 'file:/F:/SUPERACION/PhD%20Y-Echevarria/1%20Tesis%20MIE/proyectos/web-timetabling/mda/../web/target/src/layout/menu.jsp'
2013-11-24 22:09:35,123 INFO  [AndroMDA:bpm4struts] Output: 'file:/F:/SUPERACION/PhD%20Y-Echevarria/1%20Tesis%20MIE/proyectos/web-timetabling/mda/../web/target/src/layout/main-layout.jsp'
2013-11-24 22:09:35,138 INFO  [AndroMDA:bpm4struts] Output: 'file:/F:/SUPERACION/PhD%20Y-Echevarria/1%20Tesis%20MIE/proyectos/web-timetabling/mda/../web/target/src/WEB-INF/tiles-defs.xml'
2013-11-24 22:09:35,248 INFO  [AndroMDA:bpm4struts] Output: 'file:/F:/SUPERACION/PhD%20Y-Echevarria/1%20Tesis%20MIE/proyectos/web-timetabling/mda/../web/target/src/WEB-INF/struts-config.xml'
2013-11-24 22:09:35,279 INFO  [AndroMDA:bpm4struts] Output: 'file:/F:/SUPERACION/PhD%20Y-Echevarria/1%20Tesis%20MIE/proyectos/web-timetabling/mda/../web/target/src/WEB-INF/menu-config.xml'
2013-11-24 22:09:35,310 INFO  [AndroMDA:bpm4struts] Output: 'file:/F:/SUPERACION/PhD%20Y-Echevarria/1%20Tesis%20MIE/proyectos/web-timetabling/mda/../web/target/src/WEB-INF/validation.xml'
2013-11-24 22:09:35,326 INFO  [AndroMDA:bpm4struts] Output: 'file:/F:/SUPERACION/PhD%20Y-Echevarria/1%20Tesis%20MIE/proyectos/web-timetabling/mda/../web/target/src/layout/default-application.css'
2013-11-24 22:09:35,404 INFO  [AndroMDA:bpm4struts] Output: 'file:/F:/SUPERACION/PhD%20Y-Echevarria/1%20Tesis%20MIE/proyectos/web-timetabling/mda/../web/target/src/finf/ucf/cu/web/groupschedule/group-schedule.css'
2013-11-24 22:09:35,420 INFO  [AndroMDA:bpm4struts] Output: 'file:/F:/SUPERACION/PhD%20Y-Echevarria/1%20Tesis%20MIE/proyectos/web-timetabling/mda/../web/target/src/finf/ucf/cu/web/planner/planner.css'
2013-11-24 22:09:35,560 INFO  [AndroMDA:bpm4struts] Output: 'file:/F:/SUPERACION/PhD%20Y-Echevarria/1%20Tesis%20MIE/proyectos/web-timetabling/mda/../web/target/src/finf/ucf/cu/web/teacherSchedule/teacher-schedule.css'
2013-11-24 22:09:35,795 INFO  [AndroMDA:bpm4struts] Output: 'file:/F:/SUPERACION/PhD%20Y-Echevarria/1%20Tesis%20MIE/proyectos/web-timetabling/mda/../web/target/src/finf/ucf/cu/web/roomschedule/room-schedule.css'
2013-11-24 22:09:35,935 INFO  [AndroMDA:bpm4struts] Output: 'file:/F:/SUPERACION/PhD%20Y-Echevarria/1%20Tesis%20MIE/proyectos/web-timetabling/mda/../web/target/src/finf/ucf/cu/web/home/home.css'
2013-11-24 22:09:36,107 INFO  [AndroMDA:bpm4struts] Output: 'file:/F:/SUPERACION/PhD%20Y-Echevarria/1%20Tesis%20MIE/proyectos/web-timetabling/mda/../web/target/src/finf/ucf/cu/web/makep1/choice-subject-and-semester.css'
2013-11-24 22:09:36,201 INFO  [AndroMDA:bpm4struts] Output: 'file:/F:/SUPERACION/PhD%20Y-Echevarria/1%20Tesis%20MIE/proyectos/web-timetabling/mda/../web/target/src/finf/ucf/cu/web/makep1/show-p1.css'
2013-11-24 22:09:36,545 INFO  [AndroMDA:bpm4struts] Output: 'file:/F:/SUPERACION/PhD%20Y-Echevarria/1%20Tesis%20MIE/proyectos/web-timetabling/mda/../web/target/src/finf/ucf/cu/web/makep1/load.css'
2013-11-24 22:09:36,763 INFO  [AndroMDA:bpm4struts] Output: 'file:/F:/SUPERACION/PhD%20Y-Echevarria/1%20Tesis%20MIE/proyectos/web-timetabling/mda/../web/target/src/layout/messages.jsp'
2013-11-24 22:09:37,341 INFO  [AndroMDA:bpm4struts] Output: 'file:/F:/SUPERACION/PhD%20Y-Echevarria/1%20Tesis%20MIE/proyectos/web-timetabling/mda/../web/target/src/calendar-js.jsp'
2013-11-24 22:09:37,420 INFO  [AndroMDA:bpm4struts] Output: 'file:/F:/SUPERACION/PhD%20Y-Echevarria/1%20Tesis%20MIE/proyectos/web-timetabling/mda/../web/target/src/layout/breadcrumbs.jsp'
2013-11-24 22:09:37,435 INFO  [AndroMDA:bpm4struts] Output: 'file:/F:/SUPERACION/PhD%20Y-Echevarria/1%20Tesis%20MIE/proyectos/web-timetabling/mda/../web/target/src/taglib-imports.jspf'
2013-11-24 22:09:37,466 INFO  [AndroMDA:bpm4struts] Output: 'file:/F:/SUPERACION/PhD%20Y-Echevarria/1%20Tesis%20MIE/proyectos/web-timetabling/mda/../web/target/src/finf/ucf/cu/web/groupschedule/group-schedule_help.jsp'
2013-11-24 22:09:37,466 INFO  [AndroMDA:bpm4struts] Output: 'file:/F:/SUPERACION/PhD%20Y-Echevarria/1%20Tesis%20MIE/proyectos/web-timetabling/mda/../web/target/src/finf/ucf/cu/web/planner/planner_help.jsp'
2013-11-24 22:09:37,529 INFO  [AndroMDA:bpm4struts] Output: 'file:/F:/SUPERACION/PhD%20Y-Echevarria/1%20Tesis%20MIE/proyectos/web-timetabling/mda/../web/target/src/finf/ucf/cu/web/teacherSchedule/teacher-schedule_help.jsp'
2013-11-24 22:09:37,545 INFO  [AndroMDA:bpm4struts] Output: 'file:/F:/SUPERACION/PhD%20Y-Echevarria/1%20Tesis%20MIE/proyectos/web-timetabling/mda/../web/target/src/finf/ucf/cu/web/roomschedule/room-schedule_help.jsp'
2013-11-24 22:09:37,545 INFO  [AndroMDA:bpm4struts] Output: 'file:/F:/SUPERACION/PhD%20Y-Echevarria/1%20Tesis%20MIE/proyectos/web-timetabling/mda/../web/target/src/finf/ucf/cu/web/home/home_help.jsp'
2013-11-24 22:09:37,560 INFO  [AndroMDA:bpm4struts] Output: 'file:/F:/SUPERACION/PhD%20Y-Echevarria/1%20Tesis%20MIE/proyectos/web-timetabling/mda/../web/target/src/finf/ucf/cu/web/makep1/choice-subject-and-semester_help.jsp'
2013-11-24 22:09:37,607 INFO  [AndroMDA:bpm4struts] Output: 'file:/F:/SUPERACION/PhD%20Y-Echevarria/1%20Tesis%20MIE/proyectos/web-timetabling/mda/../web/target/src/finf/ucf/cu/web/makep1/show-p1_help.jsp'
2013-11-24 22:09:37,623 INFO  [AndroMDA:bpm4struts] Output: 'file:/F:/SUPERACION/PhD%20Y-Echevarria/1%20Tesis%20MIE/proyectos/web-timetabling/mda/../web/target/src/finf/ucf/cu/web/makep1/load_help.jsp'
2013-11-24 22:09:37,685 INFO  [AndroMDA:bpm4struts] Output: 'file:/F:/SUPERACION/PhD%20Y-Echevarria/1%20Tesis%20MIE/proyectos/web-timetabling/mda/../web/target/src/application-help.jsp'
2013-11-24 22:09:37,732 INFO  [AndroMDA:bpm4struts] Output: 'file:/F:/SUPERACION/PhD%20Y-Echevarria/1%20Tesis%20MIE/proyectos/web-timetabling/mda/../web/target/src/layout/help-layout.jsp'
2013-11-24 22:09:37,826 INFO  [AndroMDA:bpm4struts] Output: 'file:/F:/SUPERACION/PhD%20Y-Echevarria/1%20Tesis%20MIE/proyectos/web-timetabling/mda/../web/target/src/finf/ucf/cu/domain/crud/ManageTeacher.java'
2013-11-24 22:09:37,873 INFO  [AndroMDA:bpm4struts] Output: 'file:/F:/SUPERACION/PhD%20Y-Echevarria/1%20Tesis%20MIE/proyectos/web-timetabling/mda/../web/target/src/finf/ucf/cu/domain/crud/ManageGroup.java'
2013-11-24 22:09:37,920 INFO  [AndroMDA:bpm4struts] Output: 'file:/F:/SUPERACION/PhD%20Y-Echevarria/1%20Tesis%20MIE/proyectos/web-timetabling/mda/../web/target/src/finf/ucf/cu/domain/crud/ManageSubject.java'
2013-11-24 22:09:37,967 INFO  [AndroMDA:bpm4struts] Output: 'file:/F:/SUPERACION/PhD%20Y-Echevarria/1%20Tesis%20MIE/proyectos/web-timetabling/mda/../web/target/src/finf/ucf/cu/domain/crud/ManageClassTime.java'
2013-11-24 22:09:38,029 INFO  [AndroMDA:bpm4struts] Output: 'file:/F:/SUPERACION/PhD%20Y-Echevarria/1%20Tesis%20MIE/proyectos/web-timetabling/mda/../web/target/src/finf/ucf/cu/domain/crud/ManageRoom.java'
2013-11-24 22:09:38,045 INFO  [AndroMDA:bpm4struts] Output: 'file:/F:/SUPERACION/PhD%20Y-Echevarria/1%20Tesis%20MIE/proyectos/web-timetabling/mda/../web/target/src/finf/ucf/cu/domain/crud/ManageSemester.java'
2013-11-24 22:09:38,045 INFO  [AndroMDA:bpm4struts] Output: 'file:/F:/SUPERACION/PhD%20Y-Echevarria/1%20Tesis%20MIE/proyectos/web-timetabling/mda/../web/target/src/finf/ucf/cu/domain/crud/ManageClassType.java'
2013-11-24 22:09:38,092 INFO  [AndroMDA:bpm4struts] Output: 'file:/F:/SUPERACION/PhD%20Y-Echevarria/1%20Tesis%20MIE/proyectos/web-timetabling/mda/../web/target/src/finf/ucf/cu/domain/crud/ManageResource.java'
2013-11-24 22:09:38,138 INFO  [AndroMDA:bpm4struts] Output: 'file:/F:/SUPERACION/PhD%20Y-Echevarria/1%20Tesis%20MIE/proyectos/web-timetabling/mda/../web/target/src/finf/ucf/cu/domain/crud/ManageBuilding.java'
2013-11-24 22:09:38,185 INFO  [AndroMDA:bpm4struts] Output: 'file:/F:/SUPERACION/PhD%20Y-Echevarria/1%20Tesis%20MIE/proyectos/web-timetabling/mda/../web/target/src/finf/ucf/cu/domain/crud/ManageNotAvalability.java'
2013-11-24 22:09:38,248 INFO  [AndroMDA:bpm4struts] Output: 'file:/F:/SUPERACION/PhD%20Y-Echevarria/1%20Tesis%20MIE/proyectos/web-timetabling/mda/../web/target/src/finf/ucf/cu/domain/crud/ManageP1.java'
2013-11-24 22:09:38,263 INFO  [AndroMDA:bpm4struts] Output: 'file:/F:/SUPERACION/PhD%20Y-Echevarria/1%20Tesis%20MIE/proyectos/web-timetabling/mda/../web/target/src/finf/ucf/cu/domain/crud/ManageActivity.java'
2013-11-24 22:09:38,279 INFO  [AndroMDA:bpm4struts] Output: 'file:/F:/SUPERACION/PhD%20Y-Echevarria/1%20Tesis%20MIE/proyectos/web-timetabling/mda/../web/target/src/finf/ucf/cu/domain/crud/ManageImpartitionPlan.java'
2013-11-24 22:09:38,295 INFO  [AndroMDA:bpm4struts] Output: 'file:/F:/SUPERACION/PhD%20Y-Echevarria/1%20Tesis%20MIE/proyectos/web-timetabling/mda/../web/target/src/finf/ucf/cu/domain/crud/ManageDepartment.java'
2013-11-24 22:09:38,310 INFO  [AndroMDA:bpm4struts] Output: 'file:/F:/SUPERACION/PhD%20Y-Echevarria/1%20Tesis%20MIE/proyectos/web-timetabling/mda/../web/target/src/finf/ucf/cu/domain/crud/ManageTheme.java'
2013-11-24 22:09:38,373 INFO  [AndroMDA:bpm4struts] Output: 'file:/F:/SUPERACION/PhD%20Y-Echevarria/1%20Tesis%20MIE/proyectos/web-timetabling/mda/../web/target/src/finf/ucf/cu/domain/crud/TeacherForm.java'
2013-11-24 22:09:38,435 INFO  [AndroMDA:bpm4struts] Output: 'file:/F:/SUPERACION/PhD%20Y-Echevarria/1%20Tesis%20MIE/proyectos/web-timetabling/mda/../web/target/src/finf/ucf/cu/domain/crud/GroupForm.java'
2013-11-24 22:09:38,467 INFO  [AndroMDA:bpm4struts] Output: 'file:/F:/SUPERACION/PhD%20Y-Echevarria/1%20Tesis%20MIE/proyectos/web-timetabling/mda/../web/target/src/finf/ucf/cu/domain/crud/SubjectForm.java'
2013-11-24 22:09:38,560 INFO  [AndroMDA:bpm4struts] Output: 'file:/F:/SUPERACION/PhD%20Y-Echevarria/1%20Tesis%20MIE/proyectos/web-timetabling/mda/../web/target/src/finf/ucf/cu/domain/crud/ClassTimeForm.java'
2013-11-24 22:09:38,592 INFO  [AndroMDA:bpm4struts] Output: 'file:/F:/SUPERACION/PhD%20Y-Echevarria/1%20Tesis%20MIE/proyectos/web-timetabling/mda/../web/target/src/finf/ucf/cu/domain/crud/RoomForm.java'
2013-11-24 22:09:38,638 INFO  [AndroMDA:bpm4struts] Output: 'file:/F:/SUPERACION/PhD%20Y-Echevarria/1%20Tesis%20MIE/proyectos/web-timetabling/mda/../web/target/src/finf/ucf/cu/domain/crud/SemesterForm.java'
2013-11-24 22:09:38,654 INFO  [AndroMDA:bpm4struts] Output: 'file:/F:/SUPERACION/PhD%20Y-Echevarria/1%20Tesis%20MIE/proyectos/web-timetabling/mda/../web/target/src/finf/ucf/cu/domain/crud/ClassTypeForm.java'
2013-11-24 22:09:38,732 INFO  [AndroMDA:bpm4struts] Output: 'file:/F:/SUPERACION/PhD%20Y-Echevarria/1%20Tesis%20MIE/proyectos/web-timetabling/mda/../web/target/src/finf/ucf/cu/domain/crud/ResourceForm.java'
2013-11-24 22:09:38,779 INFO  [AndroMDA:bpm4struts] Output: 'file:/F:/SUPERACION/PhD%20Y-Echevarria/1%20Tesis%20MIE/proyectos/web-timetabling/mda/../web/target/src/finf/ucf/cu/domain/crud/BuildingForm.java'
2013-11-24 22:09:38,826 INFO  [AndroMDA:bpm4struts] Output: 'file:/F:/SUPERACION/PhD%20Y-Echevarria/1%20Tesis%20MIE/proyectos/web-timetabling/mda/../web/target/src/finf/ucf/cu/domain/crud/NotAvalabilityForm.java'
2013-11-24 22:09:38,904 INFO  [AndroMDA:bpm4struts] Output: 'file:/F:/SUPERACION/PhD%20Y-Echevarria/1%20Tesis%20MIE/proyectos/web-timetabling/mda/../web/target/src/finf/ucf/cu/domain/crud/P1Form.java'
2013-11-24 22:09:39,232 INFO  [AndroMDA:bpm4struts] Output: 'file:/F:/SUPERACION/PhD%20Y-Echevarria/1%20Tesis%20MIE/proyectos/web-timetabling/mda/../web/target/src/finf/ucf/cu/domain/crud/ActivityForm.java'
2013-11-24 22:09:39,388 INFO  [AndroMDA:bpm4struts] Output: 'file:/F:/SUPERACION/PhD%20Y-Echevarria/1%20Tesis%20MIE/proyectos/web-timetabling/mda/../web/target/src/finf/ucf/cu/domain/crud/ImpartitionPlanForm.java'
2013-11-24 22:09:39,607 INFO  [AndroMDA:bpm4struts] Output: 'file:/F:/SUPERACION/PhD%20Y-Echevarria/1%20Tesis%20MIE/proyectos/web-timetabling/mda/../web/target/src/finf/ucf/cu/domain/crud/DepartmentForm.java'
2013-11-24 22:09:39,717 INFO  [AndroMDA:bpm4struts] Output: 'file:/F:/SUPERACION/PhD%20Y-Echevarria/1%20Tesis%20MIE/proyectos/web-timetabling/mda/../web/target/src/finf/ucf/cu/domain/crud/ThemeForm.java'
2013-11-24 22:09:39,857 INFO  [AndroMDA:bpm4struts] Output: 'file:/F:/SUPERACION/PhD%20Y-Echevarria/1%20Tesis%20MIE/proyectos/web-timetabling/mda/../web/target/src/finf/ucf/cu/domain/crud/teacher-crud.jsp'
2013-11-24 22:09:39,904 INFO  [AndroMDA:bpm4struts] Output: 'file:/F:/SUPERACION/PhD%20Y-Echevarria/1%20Tesis%20MIE/proyectos/web-timetabling/mda/../web/target/src/finf/ucf/cu/domain/crud/group-crud.jsp'
2013-11-24 22:09:40,467 INFO  [AndroMDA:bpm4struts] Output: 'file:/F:/SUPERACION/PhD%20Y-Echevarria/1%20Tesis%20MIE/proyectos/web-timetabling/mda/../web/target/src/finf/ucf/cu/domain/crud/subject-crud.jsp'
2013-11-24 22:09:40,545 INFO  [AndroMDA:bpm4struts] Output: 'file:/F:/SUPERACION/PhD%20Y-Echevarria/1%20Tesis%20MIE/proyectos/web-timetabling/mda/../web/target/src/finf/ucf/cu/domain/crud/classtime-crud.jsp'
2013-11-24 22:09:40,592 INFO  [AndroMDA:bpm4struts] Output: 'file:/F:/SUPERACION/PhD%20Y-Echevarria/1%20Tesis%20MIE/proyectos/web-timetabling/mda/../web/target/src/finf/ucf/cu/domain/crud/room-crud.jsp'
2013-11-24 22:09:40,639 INFO  [AndroMDA:bpm4struts] Output: 'file:/F:/SUPERACION/PhD%20Y-Echevarria/1%20Tesis%20MIE/proyectos/web-timetabling/mda/../web/target/src/finf/ucf/cu/domain/crud/semester-crud.jsp'
2013-11-24 22:09:40,670 INFO  [AndroMDA:bpm4struts] Output: 'file:/F:/SUPERACION/PhD%20Y-Echevarria/1%20Tesis%20MIE/proyectos/web-timetabling/mda/../web/target/src/finf/ucf/cu/domain/crud/classtype-crud.jsp'
2013-11-24 22:09:40,701 INFO  [AndroMDA:bpm4struts] Output: 'file:/F:/SUPERACION/PhD%20Y-Echevarria/1%20Tesis%20MIE/proyectos/web-timetabling/mda/../web/target/src/finf/ucf/cu/domain/crud/resource-crud.jsp'
2013-11-24 22:09:40,748 INFO  [AndroMDA:bpm4struts] Output: 'file:/F:/SUPERACION/PhD%20Y-Echevarria/1%20Tesis%20MIE/proyectos/web-timetabling/mda/../web/target/src/finf/ucf/cu/domain/crud/building-crud.jsp'
2013-11-24 22:09:40,779 INFO  [AndroMDA:bpm4struts] Output: 'file:/F:/SUPERACION/PhD%20Y-Echevarria/1%20Tesis%20MIE/proyectos/web-timetabling/mda/../web/target/src/finf/ucf/cu/domain/crud/notavalability-crud.jsp'
2013-11-24 22:09:40,810 INFO  [AndroMDA:bpm4struts] Output: 'file:/F:/SUPERACION/PhD%20Y-Echevarria/1%20Tesis%20MIE/proyectos/web-timetabling/mda/../web/target/src/finf/ucf/cu/domain/crud/p1-crud.jsp'
2013-11-24 22:09:40,826 INFO  [AndroMDA:bpm4struts] Output: 'file:/F:/SUPERACION/PhD%20Y-Echevarria/1%20Tesis%20MIE/proyectos/web-timetabling/mda/../web/target/src/finf/ucf/cu/domain/crud/activity-crud.jsp'
2013-11-24 22:09:40,920 INFO  [AndroMDA:bpm4struts] Output: 'file:/F:/SUPERACION/PhD%20Y-Echevarria/1%20Tesis%20MIE/proyectos/web-timetabling/mda/../web/target/src/finf/ucf/cu/domain/crud/impartitionplan-crud.jsp'
2013-11-24 22:09:40,935 INFO  [AndroMDA:bpm4struts] Output: 'file:/F:/SUPERACION/PhD%20Y-Echevarria/1%20Tesis%20MIE/proyectos/web-timetabling/mda/../web/target/src/finf/ucf/cu/domain/crud/department-crud.jsp'
2013-11-24 22:09:40,982 INFO  [AndroMDA:bpm4struts] Output: 'file:/F:/SUPERACION/PhD%20Y-Echevarria/1%20Tesis%20MIE/proyectos/web-timetabling/mda/../web/target/src/finf/ucf/cu/domain/crud/theme-crud.jsp'
2013-11-24 22:09:41,014 INFO  [AndroMDA:bpm4struts] Output: 'file:/F:/SUPERACION/PhD%20Y-Echevarria/1%20Tesis%20MIE/proyectos/web-timetabling/mda/../web/target/src/finf/ucf/cu/domain/crud/teacher_help.jsp'
2013-11-24 22:09:41,045 INFO  [AndroMDA:bpm4struts] Output: 'file:/F:/SUPERACION/PhD%20Y-Echevarria/1%20Tesis%20MIE/proyectos/web-timetabling/mda/../web/target/src/finf/ucf/cu/domain/crud/group_help.jsp'
2013-11-24 22:09:41,060 INFO  [AndroMDA:bpm4struts] Output: 'file:/F:/SUPERACION/PhD%20Y-Echevarria/1%20Tesis%20MIE/proyectos/web-timetabling/mda/../web/target/src/finf/ucf/cu/domain/crud/subject_help.jsp'
2013-11-24 22:09:41,092 INFO  [AndroMDA:bpm4struts] Output: 'file:/F:/SUPERACION/PhD%20Y-Echevarria/1%20Tesis%20MIE/proyectos/web-timetabling/mda/../web/target/src/finf/ucf/cu/domain/crud/classtime_help.jsp'
2013-11-24 22:09:41,107 INFO  [AndroMDA:bpm4struts] Output: 'file:/F:/SUPERACION/PhD%20Y-Echevarria/1%20Tesis%20MIE/proyectos/web-timetabling/mda/../web/target/src/finf/ucf/cu/domain/crud/room_help.jsp'
2013-11-24 22:09:41,185 INFO  [AndroMDA:bpm4struts] Output: 'file:/F:/SUPERACION/PhD%20Y-Echevarria/1%20Tesis%20MIE/proyectos/web-timetabling/mda/../web/target/src/finf/ucf/cu/domain/crud/semester_help.jsp'
2013-11-24 22:09:41,264 INFO  [AndroMDA:bpm4struts] Output: 'file:/F:/SUPERACION/PhD%20Y-Echevarria/1%20Tesis%20MIE/proyectos/web-timetabling/mda/../web/target/src/finf/ucf/cu/domain/crud/classtype_help.jsp'
2013-11-24 22:09:41,264 INFO  [AndroMDA:bpm4struts] Output: 'file:/F:/SUPERACION/PhD%20Y-Echevarria/1%20Tesis%20MIE/proyectos/web-timetabling/mda/../web/target/src/finf/ucf/cu/domain/crud/resource_help.jsp'
2013-11-24 22:09:41,310 INFO  [AndroMDA:bpm4struts] Output: 'file:/F:/SUPERACION/PhD%20Y-Echevarria/1%20Tesis%20MIE/proyectos/web-timetabling/mda/../web/target/src/finf/ucf/cu/domain/crud/building_help.jsp'
2013-11-24 22:09:41,310 INFO  [AndroMDA:bpm4struts] Output: 'file:/F:/SUPERACION/PhD%20Y-Echevarria/1%20Tesis%20MIE/proyectos/web-timetabling/mda/../web/target/src/finf/ucf/cu/domain/crud/notavalability_help.jsp'
2013-11-24 22:09:41,373 INFO  [AndroMDA:bpm4struts] Output: 'file:/F:/SUPERACION/PhD%20Y-Echevarria/1%20Tesis%20MIE/proyectos/web-timetabling/mda/../web/target/src/finf/ucf/cu/domain/crud/p1_help.jsp'
2013-11-24 22:09:41,435 INFO  [AndroMDA:bpm4struts] Output: 'file:/F:/SUPERACION/PhD%20Y-Echevarria/1%20Tesis%20MIE/proyectos/web-timetabling/mda/../web/target/src/finf/ucf/cu/domain/crud/activity_help.jsp'
2013-11-24 22:09:41,435 INFO  [AndroMDA:bpm4struts] Output: 'file:/F:/SUPERACION/PhD%20Y-Echevarria/1%20Tesis%20MIE/proyectos/web-timetabling/mda/../web/target/src/finf/ucf/cu/domain/crud/impartitionplan_help.jsp'
2013-11-24 22:09:41,482 INFO  [AndroMDA:bpm4struts] Output: 'file:/F:/SUPERACION/PhD%20Y-Echevarria/1%20Tesis%20MIE/proyectos/web-timetabling/mda/../web/target/src/finf/ucf/cu/domain/crud/department_help.jsp'
2013-11-24 22:09:41,482 INFO  [AndroMDA:bpm4struts] Output: 'file:/F:/SUPERACION/PhD%20Y-Echevarria/1%20Tesis%20MIE/proyectos/web-timetabling/mda/../web/target/src/finf/ucf/cu/domain/crud/theme_help.jsp'
2013-11-24 22:09:41,529 INFO  [AndroMDA:bpm4struts] Output: 'file:/F:/SUPERACION/PhD%20Y-Echevarria/1%20Tesis%20MIE/proyectos/web-timetabling/mda/../web/target/src/layout/default-manageable.css'
2013-11-24 22:09:41,732 INFO  [AndroMDA] completed model processing --> TIME: 20.391[s], RESOURCES WRITTEN: 411
